<?xml version="1.0" encoding="UTF-8"?>
<coverage generated="1726764549705" clover="3.2.0">
  <project timestamp="1726764549705" name="All files">
    <metrics statements="326" coveredstatements="284" conditionals="83" coveredconditionals="71" methods="38" coveredmethods="37" elements="447" coveredelements="392" complexity="0" loc="326" ncloc="326" packages="5" files="21" classes="21"/>
    <package name="src">
      <metrics statements="4" coveredstatements="4" conditionals="0" coveredconditionals="0" methods="0" coveredmethods="0"/>
      <file name="app.js" path="C:\Users\Danny\Desktop\PrintFlow\server\src\app.js">
        <metrics statements="4" coveredstatements="4" conditionals="0" coveredconditionals="0" methods="0" coveredmethods="0"/>
        <line num="5" count="6" type="stmt"/>
        <line num="7" count="6" type="stmt"/>
        <line num="8" count="6" type="stmt"/>
        <line num="9" count="6" type="stmt"/>
      </file>
    </package>
    <package name="src.controllers">
      <metrics statements="277" coveredstatements="235" conditionals="83" coveredconditionals="71" methods="35" coveredmethods="34"/>
      <file name="client.js" path="C:\Users\Danny\Desktop\PrintFlow\server\src\controllers\client.js">
        <metrics statements="48" coveredstatements="41" conditionals="12" coveredconditionals="12" methods="7" coveredmethods="7"/>
        <line num="4" count="6" type="stmt"/>
        <line num="5" count="1" type="stmt"/>
        <line num="6" count="1" type="stmt"/>
        <line num="8" count="1" type="stmt"/>
        <line num="12" count="0" type="stmt"/>
        <line num="13" count="0" type="stmt"/>
        <line num="20" count="6" type="stmt"/>
        <line num="21" count="2" type="stmt"/>
        <line num="23" count="2" type="stmt"/>
        <line num="24" count="2" type="stmt"/>
        <line num="28" count="2" type="cond" truecount="2" falsecount="0"/>
        <line num="29" count="1" type="stmt"/>
        <line num="34" count="1" type="stmt"/>
        <line num="38" count="0" type="stmt"/>
        <line num="45" count="6" type="stmt"/>
        <line num="46" count="3" type="stmt"/>
        <line num="52" count="3" type="stmt"/>
        <line num="55" count="6" type="stmt"/>
        <line num="56" count="2" type="stmt"/>
        <line num="58" count="2" type="stmt"/>
        <line num="59" count="2" type="stmt"/>
        <line num="62" count="2" type="cond" truecount="2" falsecount="0"/>
        <line num="63" count="1" type="stmt"/>
        <line num="68" count="1" type="stmt"/>
        <line num="69" count="1" type="stmt"/>
        <line num="74" count="0" type="stmt"/>
        <line num="81" count="6" type="stmt"/>
        <line num="82" count="3" type="stmt"/>
        <line num="83" count="3" type="stmt"/>
        <line num="85" count="3" type="stmt"/>
        <line num="86" count="3" type="stmt"/>
        <line num="87" count="3" type="cond" truecount="2" falsecount="0"/>
        <line num="88" count="1" type="stmt"/>
        <line num="93" count="2" type="stmt"/>
        <line num="96" count="2" type="cond" truecount="2" falsecount="0"/>
        <line num="100" count="1" type="stmt"/>
        <line num="104" count="1" type="stmt"/>
        <line num="109" count="1" type="stmt"/>
        <line num="114" count="0" type="stmt"/>
        <line num="115" count="0" type="stmt"/>
        <line num="122" count="6" type="stmt"/>
        <line num="123" count="2" type="stmt"/>
        <line num="125" count="2" type="stmt"/>
        <line num="126" count="2" type="stmt"/>
        <line num="129" count="2" type="cond" truecount="2" falsecount="0"/>
        <line num="130" count="1" type="stmt"/>
        <line num="135" count="1" type="stmt"/>
        <line num="139" count="0" type="stmt"/>
      </file>
      <file name="comment.js" path="C:\Users\Danny\Desktop\PrintFlow\server\src\controllers\comment.js">
        <metrics statements="26" coveredstatements="22" conditionals="4" coveredconditionals="4" methods="4" coveredmethods="4"/>
        <line num="3" count="6" type="stmt"/>
        <line num="4" count="1" type="stmt"/>
        <line num="5" count="1" type="stmt"/>
        <line num="10" count="1" type="stmt"/>
        <line num="14" count="0" type="stmt"/>
        <line num="21" count="6" type="stmt"/>
        <line num="22" count="2" type="stmt"/>
        <line num="24" count="2" type="stmt"/>
        <line num="25" count="2" type="stmt"/>
        <line num="30" count="2" type="cond" truecount="2" falsecount="0"/>
        <line num="31" count="1" type="stmt"/>
        <line num="37" count="1" type="stmt"/>
        <line num="41" count="0" type="stmt"/>
        <line num="48" count="6" type="stmt"/>
        <line num="49" count="1" type="stmt"/>
        <line num="50" count="1" type="stmt"/>
        <line num="51" count="1" type="stmt"/>
        <line num="56" count="0" type="stmt"/>
        <line num="63" count="6" type="stmt"/>
        <line num="64" count="2" type="stmt"/>
        <line num="66" count="2" type="stmt"/>
        <line num="67" count="2" type="stmt"/>
        <line num="70" count="2" type="cond" truecount="2" falsecount="0"/>
        <line num="71" count="1" type="stmt"/>
        <line num="77" count="1" type="stmt"/>
        <line num="81" count="0" type="stmt"/>
      </file>
      <file name="order.js" path="C:\Users\Danny\Desktop\PrintFlow\server\src\controllers\order.js">
        <metrics statements="74" coveredstatements="64" conditionals="28" coveredconditionals="23" methods="8" coveredmethods="8"/>
        <line num="4" count="6" type="stmt"/>
        <line num="5" count="1" type="stmt"/>
        <line num="6" count="1" type="stmt"/>
        <line num="10" count="1" type="stmt"/>
        <line num="14" count="0" type="stmt"/>
        <line num="21" count="6" type="stmt"/>
        <line num="22" count="1" type="cond" truecount="1" falsecount="0"/>
        <line num="23" count="1" type="stmt"/>
        <line num="25" count="1" type="stmt"/>
        <line num="27" count="1" type="cond" truecount="1" falsecount="1"/>
        <line num="32" count="1" type="stmt"/>
        <line num="38" count="1" type="stmt"/>
        <line num="45" count="0" type="stmt"/>
        <line num="52" count="6" type="stmt"/>
        <line num="58" count="4" type="stmt"/>
        <line num="59" count="4" type="stmt"/>
        <line num="61" count="4" type="stmt"/>
        <line num="63" count="4" type="stmt"/>
        <line num="65" count="4" type="cond" truecount="2" falsecount="0"/>
        <line num="67" count="3" type="stmt"/>
        <line num="69" count="3" type="cond" truecount="2" falsecount="0"/>
        <line num="70" count="1" type="stmt"/>
        <line num="72" count="2" type="stmt"/>
        <line num="76" count="3" type="cond" truecount="1" falsecount="1"/>
        <line num="77" count="0" type="stmt"/>
        <line num="79" count="3" type="cond" truecount="2" falsecount="0"/>
        <line num="80" count="1" type="stmt"/>
        <line num="84" count="3" type="cond" truecount="1" falsecount="1"/>
        <line num="85" count="0" type="stmt"/>
        <line num="89" count="3" type="stmt"/>
        <line num="94" count="3" type="stmt"/>
        <line num="101" count="0" type="stmt"/>
        <line num="108" count="6" type="stmt"/>
        <line num="109" count="2" type="stmt"/>
        <line num="111" count="2" type="stmt"/>
        <line num="113" count="2" type="stmt"/>
        <line num="117" count="2" type="cond" truecount="2" falsecount="0"/>
        <line num="118" count="1" type="stmt"/>
        <line num="124" count="1" type="stmt"/>
        <line num="130" count="0" type="stmt"/>
        <line num="137" count="6" type="stmt"/>
        <line num="138" count="2" type="stmt"/>
        <line num="140" count="2" type="stmt"/>
        <line num="141" count="2" type="stmt"/>
        <line num="146" count="2" type="cond" truecount="2" falsecount="0"/>
        <line num="147" count="1" type="stmt"/>
        <line num="152" count="1" type="stmt"/>
        <line num="156" count="0" type="stmt"/>
        <line num="163" count="6" type="stmt"/>
        <line num="164" count="2" type="stmt"/>
        <line num="166" count="2" type="stmt"/>
        <line num="167" count="2" type="stmt"/>
        <line num="170" count="2" type="cond" truecount="2" falsecount="0"/>
        <line num="171" count="1" type="stmt"/>
        <line num="176" count="1" type="stmt"/>
        <line num="177" count="1" type="stmt"/>
        <line num="182" count="0" type="stmt"/>
        <line num="189" count="6" type="stmt"/>
        <line num="190" count="2" type="stmt"/>
        <line num="192" count="2" type="stmt"/>
        <line num="193" count="2" type="stmt"/>
        <line num="194" count="2" type="cond" truecount="2" falsecount="0"/>
        <line num="195" count="1" type="stmt"/>
        <line num="200" count="1" type="stmt"/>
        <line num="207" count="1" type="stmt"/>
        <line num="212" count="0" type="stmt"/>
        <line num="219" count="6" type="stmt"/>
        <line num="220" count="2" type="stmt"/>
        <line num="222" count="2" type="stmt"/>
        <line num="223" count="2" type="stmt"/>
        <line num="224" count="2" type="cond" truecount="2" falsecount="0"/>
        <line num="225" count="1" type="stmt"/>
        <line num="230" count="1" type="stmt"/>
        <line num="234" count="0" type="stmt"/>
      </file>
      <file name="task.js" path="C:\Users\Danny\Desktop\PrintFlow\server\src\controllers\task.js">
        <metrics statements="37" coveredstatements="30" conditionals="6" coveredconditionals="6" methods="5" coveredmethods="5"/>
        <line num="3" count="6" type="stmt"/>
        <line num="4" count="1" type="stmt"/>
        <line num="5" count="1" type="stmt"/>
        <line num="13" count="1" type="stmt"/>
        <line num="17" count="0" type="stmt"/>
        <line num="18" count="0" type="stmt"/>
        <line num="25" count="6" type="stmt"/>
        <line num="26" count="2" type="stmt"/>
        <line num="28" count="2" type="stmt"/>
        <line num="29" count="2" type="stmt"/>
        <line num="37" count="2" type="cond" truecount="2" falsecount="0"/>
        <line num="38" count="1" type="stmt"/>
        <line num="43" count="1" type="stmt"/>
        <line num="47" count="0" type="stmt"/>
        <line num="54" count="6" type="stmt"/>
        <line num="55" count="1" type="stmt"/>
        <line num="56" count="1" type="stmt"/>
        <line num="57" count="1" type="stmt"/>
        <line num="62" count="0" type="stmt"/>
        <line num="69" count="6" type="stmt"/>
        <line num="70" count="2" type="stmt"/>
        <line num="71" count="2" type="stmt"/>
        <line num="72" count="2" type="stmt"/>
        <line num="73" count="2" type="cond" truecount="2" falsecount="0"/>
        <line num="74" count="1" type="stmt"/>
        <line num="79" count="1" type="stmt"/>
        <line num="84" count="1" type="stmt"/>
        <line num="89" count="0" type="stmt"/>
        <line num="90" count="0" type="stmt"/>
        <line num="97" count="6" type="stmt"/>
        <line num="98" count="2" type="stmt"/>
        <line num="100" count="2" type="stmt"/>
        <line num="101" count="2" type="stmt"/>
        <line num="102" count="2" type="cond" truecount="2" falsecount="0"/>
        <line num="103" count="1" type="stmt"/>
        <line num="108" count="1" type="stmt"/>
        <line num="112" count="0" type="stmt"/>
      </file>
      <file name="user.js" path="C:\Users\Danny\Desktop\PrintFlow\server\src\controllers\user.js">
        <metrics statements="43" coveredstatements="38" conditionals="12" coveredconditionals="12" methods="5" coveredmethods="5"/>
        <line num="4" count="6" type="stmt"/>
        <line num="5" count="1" type="stmt"/>
        <line num="6" count="1" type="stmt"/>
        <line num="13" count="1" type="stmt"/>
        <line num="17" count="0" type="stmt"/>
        <line num="24" count="6" type="stmt"/>
        <line num="25" count="2" type="stmt"/>
        <line num="27" count="2" type="stmt"/>
        <line num="28" count="2" type="stmt"/>
        <line num="35" count="2" type="cond" truecount="2" falsecount="0"/>
        <line num="36" count="1" type="stmt"/>
        <line num="41" count="1" type="stmt"/>
        <line num="45" count="0" type="stmt"/>
        <line num="52" count="6" type="stmt"/>
        <line num="53" count="2" type="stmt"/>
        <line num="55" count="2" type="stmt"/>
        <line num="56" count="2" type="stmt"/>
        <line num="57" count="2" type="cond" truecount="2" falsecount="0"/>
        <line num="58" count="1" type="stmt"/>
        <line num="63" count="1" type="stmt"/>
        <line num="64" count="1" type="stmt"/>
        <line num="69" count="0" type="stmt"/>
        <line num="76" count="6" type="stmt"/>
        <line num="77" count="3" type="stmt"/>
        <line num="78" count="3" type="stmt"/>
        <line num="80" count="3" type="stmt"/>
        <line num="81" count="3" type="stmt"/>
        <line num="82" count="3" type="cond" truecount="2" falsecount="0"/>
        <line num="83" count="1" type="stmt"/>
        <line num="88" count="2" type="stmt"/>
        <line num="89" count="2" type="cond" truecount="2" falsecount="0"/>
        <line num="95" count="1" type="stmt"/>
        <line num="100" count="1" type="stmt"/>
        <line num="105" count="1" type="stmt"/>
        <line num="110" count="0" type="stmt"/>
        <line num="117" count="6" type="stmt"/>
        <line num="118" count="2" type="stmt"/>
        <line num="120" count="2" type="stmt"/>
        <line num="121" count="2" type="stmt"/>
        <line num="122" count="2" type="cond" truecount="2" falsecount="0"/>
        <line num="123" count="1" type="stmt"/>
        <line num="128" count="1" type="stmt"/>
        <line num="132" count="0" type="stmt"/>
      </file>
      <file name="workStation.js" path="C:\Users\Danny\Desktop\PrintFlow\server\src\controllers\workStation.js">
        <metrics statements="49" coveredstatements="40" conditionals="21" coveredconditionals="14" methods="6" coveredmethods="5"/>
        <line num="4" count="6" type="stmt"/>
        <line num="5" count="1" type="stmt"/>
        <line num="6" count="1" type="stmt"/>
        <line num="10" count="1" type="stmt"/>
        <line num="14" count="0" type="stmt"/>
        <line num="21" count="6" type="stmt"/>
        <line num="22" count="2" type="stmt"/>
        <line num="24" count="2" type="stmt"/>
        <line num="25" count="2" type="stmt"/>
        <line num="29" count="2" type="cond" truecount="2" falsecount="0"/>
        <line num="30" count="1" type="stmt"/>
        <line num="36" count="1" type="stmt"/>
        <line num="40" count="0" type="stmt"/>
        <line num="47" count="6" type="stmt"/>
        <line num="48" count="2" type="stmt"/>
        <line num="50" count="2" type="stmt"/>
        <line num="51" count="2" type="stmt"/>
        <line num="54" count="2" type="cond" truecount="2" falsecount="0"/>
        <line num="55" count="1" type="stmt"/>
        <line num="60" count="1" type="stmt"/>
        <line num="63" count="1" type="stmt"/>
        <line num="68" count="0" type="stmt"/>
        <line num="75" count="6" type="stmt"/>
        <line num="76" count="3" type="stmt"/>
        <line num="77" count="3" type="stmt"/>
        <line num="78" count="3" type="stmt"/>
        <line num="80" count="3" type="stmt"/>
        <line num="81" count="3" type="stmt"/>
        <line num="82" count="3" type="cond" truecount="2" falsecount="0"/>
        <line num="83" count="1" type="stmt"/>
        <line num="89" count="2" type="cond" truecount="2" falsecount="2"/>
        <line num="90" count="0" type="stmt"/>
        <line num="92" count="0" type="stmt"/>
        <line num="94" count="0" type="cond" truecount="0" falsecount="2"/>
        <line num="99" count="0" type="stmt"/>
        <line num="106" count="2" type="stmt"/>
        <line num="109" count="2" type="cond" truecount="2" falsecount="0"/>
        <line num="115" count="1" type="stmt"/>
        <line num="121" count="1" type="stmt"/>
        <line num="124" count="1" type="stmt"/>
        <line num="130" count="0" type="stmt"/>
        <line num="137" count="6" type="stmt"/>
        <line num="138" count="2" type="stmt"/>
        <line num="140" count="2" type="stmt"/>
        <line num="142" count="2" type="stmt"/>
        <line num="143" count="2" type="cond" truecount="2" falsecount="0"/>
        <line num="144" count="1" type="stmt"/>
        <line num="150" count="1" type="stmt"/>
        <line num="154" count="0" type="stmt"/>
      </file>
    </package>
    <package name="src.models">
      <metrics statements="12" coveredstatements="12" conditionals="0" coveredconditionals="0" methods="0" coveredmethods="0"/>
      <file name="client.js" path="C:\Users\Danny\Desktop\PrintFlow\server\src\models\client.js">
        <metrics statements="2" coveredstatements="2" conditionals="0" coveredconditionals="0" methods="0" coveredmethods="0"/>
        <line num="3" count="6" type="stmt"/>
        <line num="5" count="6" type="stmt"/>
      </file>
      <file name="comment.js" path="C:\Users\Danny\Desktop\PrintFlow\server\src\models\comment.js">
        <metrics statements="2" coveredstatements="2" conditionals="0" coveredconditionals="0" methods="0" coveredmethods="0"/>
        <line num="3" count="6" type="stmt"/>
        <line num="5" count="6" type="stmt"/>
      </file>
      <file name="order.js" path="C:\Users\Danny\Desktop\PrintFlow\server\src\models\order.js">
        <metrics statements="2" coveredstatements="2" conditionals="0" coveredconditionals="0" methods="0" coveredmethods="0"/>
        <line num="3" count="6" type="stmt"/>
        <line num="5" count="6" type="stmt"/>
      </file>
      <file name="task.js" path="C:\Users\Danny\Desktop\PrintFlow\server\src\models\task.js">
        <metrics statements="2" coveredstatements="2" conditionals="0" coveredconditionals="0" methods="0" coveredmethods="0"/>
        <line num="3" count="6" type="stmt"/>
        <line num="5" count="6" type="stmt"/>
      </file>
      <file name="user.js" path="C:\Users\Danny\Desktop\PrintFlow\server\src\models\user.js">
        <metrics statements="2" coveredstatements="2" conditionals="0" coveredconditionals="0" methods="0" coveredmethods="0"/>
        <line num="3" count="6" type="stmt"/>
        <line num="5" count="6" type="stmt"/>
      </file>
      <file name="workStation.js" path="C:\Users\Danny\Desktop\PrintFlow\server\src\models\workStation.js">
        <metrics statements="2" coveredstatements="2" conditionals="0" coveredconditionals="0" methods="0" coveredmethods="0"/>
        <line num="3" count="6" type="stmt"/>
        <line num="5" count="6" type="stmt"/>
      </file>
    </package>
    <package name="src.routes">
      <metrics statements="19" coveredstatements="19" conditionals="0" coveredconditionals="0" methods="0" coveredmethods="0"/>
      <file name="client.js" path="C:\Users\Danny\Desktop\PrintFlow\server\src\routes\client.js">
        <metrics statements="2" coveredstatements="2" conditionals="0" coveredconditionals="0" methods="0" coveredmethods="0"/>
        <line num="4" count="6" type="stmt"/>
        <line num="6" count="6" type="stmt"/>
      </file>
      <file name="comment.js" path="C:\Users\Danny\Desktop\PrintFlow\server\src\routes\comment.js">
        <metrics statements="2" coveredstatements="2" conditionals="0" coveredconditionals="0" methods="0" coveredmethods="0"/>
        <line num="4" count="6" type="stmt"/>
        <line num="6" count="6" type="stmt"/>
      </file>
      <file name="index.js" path="C:\Users\Danny\Desktop\PrintFlow\server\src\routes\index.js">
        <metrics statements="7" coveredstatements="7" conditionals="0" coveredconditionals="0" methods="0" coveredmethods="0"/>
        <line num="9" count="6" type="stmt"/>
        <line num="11" count="6" type="stmt"/>
        <line num="12" count="6" type="stmt"/>
        <line num="13" count="6" type="stmt"/>
        <line num="14" count="6" type="stmt"/>
        <line num="15" count="6" type="stmt"/>
        <line num="16" count="6" type="stmt"/>
      </file>
      <file name="order.js" path="C:\Users\Danny\Desktop\PrintFlow\server\src\routes\order.js">
        <metrics statements="2" coveredstatements="2" conditionals="0" coveredconditionals="0" methods="0" coveredmethods="0"/>
        <line num="4" count="6" type="stmt"/>
        <line num="6" count="6" type="stmt"/>
      </file>
      <file name="task.js" path="C:\Users\Danny\Desktop\PrintFlow\server\src\routes\task.js">
        <metrics statements="2" coveredstatements="2" conditionals="0" coveredconditionals="0" methods="0" coveredmethods="0"/>
        <line num="4" count="6" type="stmt"/>
        <line num="6" count="6" type="stmt"/>
      </file>
      <file name="user.js" path="C:\Users\Danny\Desktop\PrintFlow\server\src\routes\user.js">
        <metrics statements="2" coveredstatements="2" conditionals="0" coveredconditionals="0" methods="0" coveredmethods="0"/>
        <line num="4" count="6" type="stmt"/>
        <line num="6" count="6" type="stmt"/>
      </file>
      <file name="workStation.js" path="C:\Users\Danny\Desktop\PrintFlow\server\src\routes\workStation.js">
        <metrics statements="2" coveredstatements="2" conditionals="0" coveredconditionals="0" methods="0" coveredmethods="0"/>
        <line num="4" count="6" type="stmt"/>
        <line num="6" count="6" type="stmt"/>
      </file>
    </package>
    <package name="tests.setup">
      <metrics statements="14" coveredstatements="14" conditionals="0" coveredconditionals="0" methods="3" coveredmethods="3"/>
      <file name="setupDatabase.js" path="C:\Users\Danny\Desktop\PrintFlow\server\tests\setup\setupDatabase.js">
        <metrics statements="14" coveredstatements="14" conditionals="0" coveredconditionals="0" methods="3" coveredmethods="3"/>
        <line num="12" count="6" type="stmt"/>
        <line num="13" count="6" type="stmt"/>
        <line num="14" count="6" type="stmt"/>
        <line num="17" count="6" type="stmt"/>
        <line num="20" count="6" type="stmt"/>
        <line num="21" count="6" type="stmt"/>
        <line num="51" count="6" type="stmt"/>
        <line num="71" count="6" type="stmt"/>
        <line num="85" count="6" type="stmt"/>
        <line num="113" count="6" type="stmt"/>
        <line num="159" count="6" type="stmt"/>
        <line num="177" count="6" type="stmt"/>
        <line num="178" count="6" type="stmt"/>
        <line num="179" count="6" type="stmt"/>
      </file>
    </package>
  </project>
</coverage>
