{"C:\\Users\\Danny\\Desktop\\PrintFlow\\server\\src\\app.js": {"path":"C:\\Users\\Danny\\Desktop\\PrintFlow\\server\\src\\app.js","statementMap":{"0":{"start":{"line":5,"column":12},"end":{"line":5,"column":21}},"1":{"start":{"line":7,"column":0},"end":{"line":7,"column":16}},"2":{"start":{"line":8,"column":0},"end":{"line":8,"column":24}},"3":{"start":{"line":9,"column":0},"end":{"line":9,"column":24}}},"fnMap":{},"branchMap":{},"s":{"0":6,"1":6,"2":6,"3":6},"f":{},"b":{},"_coverageSchema":"1a1c01bbd47fc00a2c39e90264f33305004495a9","hash":"13fd6a3db6026eb066aacb7d97fd45d06a3eb2a8"}
,"C:\\Users\\Danny\\Desktop\\PrintFlow\\server\\src\\controllers\\client.js": {"path":"C:\\Users\\Danny\\Desktop\\PrintFlow\\server\\src\\controllers\\client.js","statementMap":{"0":{"start":{"line":4,"column":22},"end":{"line":18,"column":1}},"1":{"start":{"line":5,"column":1},"end":{"line":17,"column":2}},"2":{"start":{"line":6,"column":18},"end":{"line":6,"column":56}},"3":{"start":{"line":8,"column":2},"end":{"line":10,"column":5}},"4":{"start":{"line":12,"column":2},"end":{"line":12,"column":21}},"5":{"start":{"line":13,"column":2},"end":{"line":16,"column":5}},"6":{"start":{"line":20,"column":22},"end":{"line":43,"column":1}},"7":{"start":{"line":21,"column":16},"end":{"line":21,"column":26}},"8":{"start":{"line":23,"column":1},"end":{"line":42,"column":2}},"9":{"start":{"line":24,"column":17},"end":{"line":26,"column":3}},"10":{"start":{"line":28,"column":2},"end":{"line":32,"column":3}},"11":{"start":{"line":29,"column":3},"end":{"line":31,"column":6}},"12":{"start":{"line":34,"column":2},"end":{"line":36,"column":5}},"13":{"start":{"line":38,"column":2},"end":{"line":41,"column":5}},"14":{"start":{"line":45,"column":27},"end":{"line":53,"column":1}},"15":{"start":{"line":46,"column":17},"end":{"line":51,"column":3}},"16":{"start":{"line":52,"column":1},"end":{"line":52,"column":44}},"17":{"start":{"line":52,"column":32},"end":{"line":52,"column":42}},"18":{"start":{"line":55,"column":21},"end":{"line":79,"column":1}},"19":{"start":{"line":56,"column":25},"end":{"line":56,"column":33}},"20":{"start":{"line":58,"column":1},"end":{"line":78,"column":2}},"21":{"start":{"line":59,"column":24},"end":{"line":61,"column":4}},"22":{"start":{"line":62,"column":2},"end":{"line":66,"column":3}},"23":{"start":{"line":63,"column":3},"end":{"line":65,"column":6}},"24":{"start":{"line":68,"column":20},"end":{"line":68,"column":49}},"25":{"start":{"line":69,"column":2},"end":{"line":72,"column":5}},"26":{"start":{"line":74,"column":2},"end":{"line":77,"column":5}},"27":{"start":{"line":81,"column":21},"end":{"line":120,"column":1}},"28":{"start":{"line":82,"column":16},"end":{"line":82,"column":26}},"29":{"start":{"line":83,"column":25},"end":{"line":83,"column":33}},"30":{"start":{"line":85,"column":1},"end":{"line":119,"column":2}},"31":{"start":{"line":86,"column":25},"end":{"line":86,"column":50}},"32":{"start":{"line":87,"column":2},"end":{"line":91,"column":3}},"33":{"start":{"line":88,"column":3},"end":{"line":90,"column":6}},"34":{"start":{"line":93,"column":24},"end":{"line":95,"column":4}},"35":{"start":{"line":96,"column":2},"end":{"line":103,"column":3}},"36":{"start":{"line":100,"column":3},"end":{"line":102,"column":6}},"37":{"start":{"line":104,"column":24},"end":{"line":108,"column":3}},"38":{"start":{"line":109,"column":2},"end":{"line":112,"column":5}},"39":{"start":{"line":114,"column":2},"end":{"line":114,"column":21}},"40":{"start":{"line":115,"column":2},"end":{"line":118,"column":5}},"41":{"start":{"line":122,"column":21},"end":{"line":144,"column":1}},"42":{"start":{"line":123,"column":16},"end":{"line":123,"column":26}},"43":{"start":{"line":125,"column":1},"end":{"line":143,"column":2}},"44":{"start":{"line":126,"column":25},"end":{"line":128,"column":3}},"45":{"start":{"line":129,"column":2},"end":{"line":133,"column":3}},"46":{"start":{"line":130,"column":3},"end":{"line":132,"column":6}},"47":{"start":{"line":135,"column":2},"end":{"line":137,"column":5}},"48":{"start":{"line":139,"column":2},"end":{"line":142,"column":5}}},"fnMap":{"0":{"name":"(anonymous_0)","decl":{"start":{"line":4,"column":22},"end":{"line":4,"column":23}},"loc":{"start":{"line":4,"column":42},"end":{"line":18,"column":1}},"line":4},"1":{"name":"(anonymous_1)","decl":{"start":{"line":20,"column":22},"end":{"line":20,"column":23}},"loc":{"start":{"line":20,"column":42},"end":{"line":43,"column":1}},"line":20},"2":{"name":"(anonymous_2)","decl":{"start":{"line":45,"column":27},"end":{"line":45,"column":28}},"loc":{"start":{"line":45,"column":49},"end":{"line":53,"column":1}},"line":45},"3":{"name":"(anonymous_3)","decl":{"start":{"line":52,"column":20},"end":{"line":52,"column":21}},"loc":{"start":{"line":52,"column":32},"end":{"line":52,"column":42}},"line":52},"4":{"name":"(anonymous_4)","decl":{"start":{"line":55,"column":21},"end":{"line":55,"column":22}},"loc":{"start":{"line":55,"column":41},"end":{"line":79,"column":1}},"line":55},"5":{"name":"(anonymous_5)","decl":{"start":{"line":81,"column":21},"end":{"line":81,"column":22}},"loc":{"start":{"line":81,"column":41},"end":{"line":120,"column":1}},"line":81},"6":{"name":"(anonymous_6)","decl":{"start":{"line":122,"column":21},"end":{"line":122,"column":22}},"loc":{"start":{"line":122,"column":41},"end":{"line":144,"column":1}},"line":122}},"branchMap":{"0":{"loc":{"start":{"line":28,"column":2},"end":{"line":32,"column":3}},"type":"if","locations":[{"start":{"line":28,"column":2},"end":{"line":32,"column":3}},{"start":{},"end":{}}],"line":28},"1":{"loc":{"start":{"line":62,"column":2},"end":{"line":66,"column":3}},"type":"if","locations":[{"start":{"line":62,"column":2},"end":{"line":66,"column":3}},{"start":{},"end":{}}],"line":62},"2":{"loc":{"start":{"line":87,"column":2},"end":{"line":91,"column":3}},"type":"if","locations":[{"start":{"line":87,"column":2},"end":{"line":91,"column":3}},{"start":{},"end":{}}],"line":87},"3":{"loc":{"start":{"line":96,"column":2},"end":{"line":103,"column":3}},"type":"if","locations":[{"start":{"line":96,"column":2},"end":{"line":103,"column":3}},{"start":{},"end":{}}],"line":96},"4":{"loc":{"start":{"line":97,"column":3},"end":{"line":98,"column":48}},"type":"binary-expr","locations":[{"start":{"line":97,"column":3},"end":{"line":97,"column":16}},{"start":{"line":98,"column":3},"end":{"line":98,"column":48}}],"line":97},"5":{"loc":{"start":{"line":129,"column":2},"end":{"line":133,"column":3}},"type":"if","locations":[{"start":{"line":129,"column":2},"end":{"line":133,"column":3}},{"start":{},"end":{}}],"line":129}},"s":{"0":6,"1":1,"2":1,"3":1,"4":0,"5":0,"6":6,"7":2,"8":2,"9":2,"10":2,"11":1,"12":1,"13":0,"14":6,"15":3,"16":3,"17":2,"18":6,"19":2,"20":2,"21":2,"22":2,"23":1,"24":1,"25":1,"26":0,"27":6,"28":3,"29":3,"30":3,"31":3,"32":3,"33":1,"34":2,"35":2,"36":1,"37":1,"38":1,"39":0,"40":0,"41":6,"42":2,"43":2,"44":2,"45":2,"46":1,"47":1,"48":0},"f":{"0":1,"1":2,"2":3,"3":2,"4":2,"5":3,"6":2},"b":{"0":[1,1],"1":[1,1],"2":[1,2],"3":[1,1],"4":[2,1],"5":[1,1]},"_coverageSchema":"1a1c01bbd47fc00a2c39e90264f33305004495a9","hash":"1fdb668fb8390ba726e6b86a33f1fa69ac7ae293"}
,"C:\\Users\\Danny\\Desktop\\PrintFlow\\server\\src\\controllers\\comment.js": {"path":"C:\\Users\\Danny\\Desktop\\PrintFlow\\server\\src\\controllers\\comment.js","statementMap":{"0":{"start":{"line":3,"column":23},"end":{"line":19,"column":1}},"1":{"start":{"line":4,"column":1},"end":{"line":18,"column":2}},"2":{"start":{"line":5,"column":19},"end":{"line":8,"column":21}},"3":{"start":{"line":10,"column":2},"end":{"line":12,"column":5}},"4":{"start":{"line":14,"column":2},"end":{"line":17,"column":5}},"5":{"start":{"line":21,"column":23},"end":{"line":46,"column":1}},"6":{"start":{"line":22,"column":16},"end":{"line":22,"column":26}},"7":{"start":{"line":24,"column":1},"end":{"line":45,"column":2}},"8":{"start":{"line":25,"column":18},"end":{"line":28,"column":21}},"9":{"start":{"line":30,"column":2},"end":{"line":35,"column":3}},"10":{"start":{"line":31,"column":3},"end":{"line":34,"column":6}},"11":{"start":{"line":37,"column":2},"end":{"line":39,"column":5}},"12":{"start":{"line":41,"column":2},"end":{"line":44,"column":5}},"13":{"start":{"line":48,"column":22},"end":{"line":61,"column":1}},"14":{"start":{"line":49,"column":1},"end":{"line":60,"column":2}},"15":{"start":{"line":50,"column":21},"end":{"line":50,"column":51}},"16":{"start":{"line":51,"column":2},"end":{"line":54,"column":5}},"17":{"start":{"line":56,"column":2},"end":{"line":59,"column":5}},"18":{"start":{"line":63,"column":22},"end":{"line":86,"column":1}},"19":{"start":{"line":64,"column":16},"end":{"line":64,"column":26}},"20":{"start":{"line":66,"column":1},"end":{"line":85,"column":2}},"21":{"start":{"line":67,"column":26},"end":{"line":69,"column":3}},"22":{"start":{"line":70,"column":2},"end":{"line":75,"column":3}},"23":{"start":{"line":71,"column":3},"end":{"line":74,"column":6}},"24":{"start":{"line":77,"column":2},"end":{"line":79,"column":5}},"25":{"start":{"line":81,"column":2},"end":{"line":84,"column":5}}},"fnMap":{"0":{"name":"(anonymous_0)","decl":{"start":{"line":3,"column":23},"end":{"line":3,"column":24}},"loc":{"start":{"line":3,"column":43},"end":{"line":19,"column":1}},"line":3},"1":{"name":"(anonymous_1)","decl":{"start":{"line":21,"column":23},"end":{"line":21,"column":24}},"loc":{"start":{"line":21,"column":43},"end":{"line":46,"column":1}},"line":21},"2":{"name":"(anonymous_2)","decl":{"start":{"line":48,"column":22},"end":{"line":48,"column":23}},"loc":{"start":{"line":48,"column":42},"end":{"line":61,"column":1}},"line":48},"3":{"name":"(anonymous_3)","decl":{"start":{"line":63,"column":22},"end":{"line":63,"column":23}},"loc":{"start":{"line":63,"column":42},"end":{"line":86,"column":1}},"line":63}},"branchMap":{"0":{"loc":{"start":{"line":30,"column":2},"end":{"line":35,"column":3}},"type":"if","locations":[{"start":{"line":30,"column":2},"end":{"line":35,"column":3}},{"start":{},"end":{}}],"line":30},"1":{"loc":{"start":{"line":70,"column":2},"end":{"line":75,"column":3}},"type":"if","locations":[{"start":{"line":70,"column":2},"end":{"line":75,"column":3}},{"start":{},"end":{}}],"line":70}},"s":{"0":6,"1":1,"2":1,"3":1,"4":0,"5":6,"6":2,"7":2,"8":2,"9":2,"10":1,"11":1,"12":0,"13":6,"14":1,"15":1,"16":1,"17":0,"18":6,"19":2,"20":2,"21":2,"22":2,"23":1,"24":1,"25":0},"f":{"0":1,"1":2,"2":1,"3":2},"b":{"0":[1,1],"1":[1,1]},"_coverageSchema":"1a1c01bbd47fc00a2c39e90264f33305004495a9","hash":"2a98c0d0d51a4506d8d4223da4fef72fdbfc89cf"}
,"C:\\Users\\Danny\\Desktop\\PrintFlow\\server\\src\\controllers\\order.js": {"path":"C:\\Users\\Danny\\Desktop\\PrintFlow\\server\\src\\controllers\\order.js","statementMap":{"0":{"start":{"line":4,"column":21},"end":{"line":19,"column":1}},"1":{"start":{"line":5,"column":1},"end":{"line":18,"column":2}},"2":{"start":{"line":6,"column":17},"end":{"line":8,"column":22}},"3":{"start":{"line":10,"column":2},"end":{"line":12,"column":5}},"4":{"start":{"line":14,"column":2},"end":{"line":17,"column":5}},"5":{"start":{"line":21,"column":24},"end":{"line":50,"column":1}},"6":{"start":{"line":22,"column":25},"end":{"line":22,"column":34}},"7":{"start":{"line":23,"column":15},"end":{"line":23,"column":17}},"8":{"start":{"line":25,"column":1},"end":{"line":49,"column":2}},"9":{"start":{"line":27,"column":16},"end":{"line":29,"column":7}},"10":{"start":{"line":32,"column":17},"end":{"line":36,"column":22}},"11":{"start":{"line":38,"column":2},"end":{"line":43,"column":5}},"12":{"start":{"line":45,"column":2},"end":{"line":48,"column":5}},"13":{"start":{"line":52,"column":26},"end":{"line":106,"column":1}},"14":{"start":{"line":58,"column":5},"end":{"line":58,"column":14}},"15":{"start":{"line":59,"column":15},"end":{"line":59,"column":17}},"16":{"start":{"line":61,"column":13},"end":{"line":61,"column":15}},"17":{"start":{"line":63,"column":1},"end":{"line":105,"column":2}},"18":{"start":{"line":65,"column":2},"end":{"line":73,"column":3}},"19":{"start":{"line":67,"column":4},"end":{"line":67,"column":53}},"20":{"start":{"line":69,"column":3},"end":{"line":71,"column":4}},"21":{"start":{"line":70,"column":4},"end":{"line":70,"column":46}},"22":{"start":{"line":72,"column":3},"end":{"line":72,"column":37}},"23":{"start":{"line":76,"column":2},"end":{"line":78,"column":3}},"24":{"start":{"line":77,"column":3},"end":{"line":77,"column":57}},"25":{"start":{"line":79,"column":2},"end":{"line":81,"column":3}},"26":{"start":{"line":80,"column":3},"end":{"line":80,"column":25}},"27":{"start":{"line":84,"column":2},"end":{"line":86,"column":3}},"28":{"start":{"line":85,"column":3},"end":{"line":85,"column":48}},"29":{"start":{"line":89,"column":17},"end":{"line":92,"column":22}},"30":{"start":{"line":94,"column":2},"end":{"line":99,"column":5}},"31":{"start":{"line":101,"column":2},"end":{"line":104,"column":5}},"32":{"start":{"line":108,"column":30},"end":{"line":135,"column":1}},"33":{"start":{"line":109,"column":25},"end":{"line":109,"column":35}},"34":{"start":{"line":111,"column":1},"end":{"line":134,"column":2}},"35":{"start":{"line":113,"column":16},"end":{"line":115,"column":23}},"36":{"start":{"line":117,"column":2},"end":{"line":121,"column":3}},"37":{"start":{"line":118,"column":3},"end":{"line":120,"column":6}},"38":{"start":{"line":124,"column":2},"end":{"line":127,"column":5}},"39":{"start":{"line":130,"column":2},"end":{"line":133,"column":5}},"40":{"start":{"line":137,"column":21},"end":{"line":161,"column":1}},"41":{"start":{"line":138,"column":16},"end":{"line":138,"column":26}},"42":{"start":{"line":140,"column":1},"end":{"line":160,"column":2}},"43":{"start":{"line":141,"column":16},"end":{"line":144,"column":24}},"44":{"start":{"line":146,"column":2},"end":{"line":150,"column":3}},"45":{"start":{"line":147,"column":3},"end":{"line":149,"column":6}},"46":{"start":{"line":152,"column":2},"end":{"line":154,"column":5}},"47":{"start":{"line":156,"column":2},"end":{"line":159,"column":5}},"48":{"start":{"line":163,"column":20},"end":{"line":187,"column":1}},"49":{"start":{"line":164,"column":25},"end":{"line":164,"column":33}},"50":{"start":{"line":166,"column":1},"end":{"line":186,"column":2}},"51":{"start":{"line":167,"column":24},"end":{"line":169,"column":4}},"52":{"start":{"line":170,"column":2},"end":{"line":174,"column":3}},"53":{"start":{"line":171,"column":3},"end":{"line":173,"column":6}},"54":{"start":{"line":176,"column":19},"end":{"line":176,"column":47}},"55":{"start":{"line":177,"column":2},"end":{"line":180,"column":5}},"56":{"start":{"line":182,"column":2},"end":{"line":185,"column":5}},"57":{"start":{"line":189,"column":20},"end":{"line":217,"column":1}},"58":{"start":{"line":190,"column":16},"end":{"line":190,"column":26}},"59":{"start":{"line":192,"column":1},"end":{"line":216,"column":2}},"60":{"start":{"line":193,"column":24},"end":{"line":193,"column":48}},"61":{"start":{"line":194,"column":2},"end":{"line":198,"column":3}},"62":{"start":{"line":195,"column":3},"end":{"line":197,"column":6}},"63":{"start":{"line":200,"column":23},"end":{"line":206,"column":3}},"64":{"start":{"line":207,"column":2},"end":{"line":210,"column":5}},"65":{"start":{"line":212,"column":2},"end":{"line":215,"column":5}},"66":{"start":{"line":219,"column":20},"end":{"line":239,"column":1}},"67":{"start":{"line":220,"column":16},"end":{"line":220,"column":26}},"68":{"start":{"line":222,"column":1},"end":{"line":238,"column":2}},"69":{"start":{"line":223,"column":24},"end":{"line":223,"column":57}},"70":{"start":{"line":224,"column":2},"end":{"line":228,"column":3}},"71":{"start":{"line":225,"column":3},"end":{"line":227,"column":6}},"72":{"start":{"line":230,"column":2},"end":{"line":232,"column":5}},"73":{"start":{"line":234,"column":2},"end":{"line":237,"column":5}}},"fnMap":{"0":{"name":"(anonymous_0)","decl":{"start":{"line":4,"column":21},"end":{"line":4,"column":22}},"loc":{"start":{"line":4,"column":41},"end":{"line":19,"column":1}},"line":4},"1":{"name":"(anonymous_1)","decl":{"start":{"line":21,"column":24},"end":{"line":21,"column":25}},"loc":{"start":{"line":21,"column":44},"end":{"line":50,"column":1}},"line":21},"2":{"name":"(anonymous_2)","decl":{"start":{"line":52,"column":26},"end":{"line":52,"column":27}},"loc":{"start":{"line":52,"column":46},"end":{"line":106,"column":1}},"line":52},"3":{"name":"(anonymous_3)","decl":{"start":{"line":108,"column":30},"end":{"line":108,"column":31}},"loc":{"start":{"line":108,"column":50},"end":{"line":135,"column":1}},"line":108},"4":{"name":"(anonymous_4)","decl":{"start":{"line":137,"column":21},"end":{"line":137,"column":22}},"loc":{"start":{"line":137,"column":41},"end":{"line":161,"column":1}},"line":137},"5":{"name":"(anonymous_5)","decl":{"start":{"line":163,"column":20},"end":{"line":163,"column":21}},"loc":{"start":{"line":163,"column":40},"end":{"line":187,"column":1}},"line":163},"6":{"name":"(anonymous_6)","decl":{"start":{"line":189,"column":20},"end":{"line":189,"column":21}},"loc":{"start":{"line":189,"column":40},"end":{"line":217,"column":1}},"line":189},"7":{"name":"(anonymous_7)","decl":{"start":{"line":219,"column":20},"end":{"line":219,"column":21}},"loc":{"start":{"line":219,"column":40},"end":{"line":239,"column":1}},"line":219}},"branchMap":{"0":{"loc":{"start":{"line":22,"column":9},"end":{"line":22,"column":20}},"type":"default-arg","locations":[{"start":{"line":22,"column":16},"end":{"line":22,"column":20}}],"line":22},"1":{"loc":{"start":{"line":27,"column":16},"end":{"line":29,"column":7}},"type":"cond-expr","locations":[{"start":{"line":28,"column":5},"end":{"line":28,"column":35}},{"start":{"line":29,"column":5},"end":{"line":29,"column":7}}],"line":27},"2":{"loc":{"start":{"line":39,"column":9},"end":{"line":41,"column":10}},"type":"cond-expr","locations":[{"start":{"line":40,"column":6},"end":{"line":40,"column":43}},{"start":{"line":41,"column":6},"end":{"line":41,"column":10}}],"line":39},"3":{"loc":{"start":{"line":57,"column":2},"end":{"line":57,"column":24}},"type":"default-arg","locations":[{"start":{"line":57,"column":20},"end":{"line":57,"column":24}}],"line":57},"4":{"loc":{"start":{"line":65,"column":2},"end":{"line":73,"column":3}},"type":"if","locations":[{"start":{"line":65,"column":2},"end":{"line":73,"column":3}},{"start":{},"end":{}}],"line":65},"5":{"loc":{"start":{"line":69,"column":3},"end":{"line":71,"column":4}},"type":"if","locations":[{"start":{"line":69,"column":3},"end":{"line":71,"column":4}},{"start":{},"end":{}}],"line":69},"6":{"loc":{"start":{"line":76,"column":2},"end":{"line":78,"column":3}},"type":"if","locations":[{"start":{"line":76,"column":2},"end":{"line":78,"column":3}},{"start":{},"end":{}}],"line":76},"7":{"loc":{"start":{"line":79,"column":2},"end":{"line":81,"column":3}},"type":"if","locations":[{"start":{"line":79,"column":2},"end":{"line":81,"column":3}},{"start":{},"end":{}}],"line":79},"8":{"loc":{"start":{"line":84,"column":2},"end":{"line":86,"column":3}},"type":"if","locations":[{"start":{"line":84,"column":2},"end":{"line":86,"column":3}},{"start":{},"end":{}}],"line":84},"9":{"loc":{"start":{"line":96,"column":20},"end":{"line":98,"column":10}},"type":"cond-expr","locations":[{"start":{"line":97,"column":6},"end":{"line":97,"column":43}},{"start":{"line":98,"column":6},"end":{"line":98,"column":10}}],"line":96},"10":{"loc":{"start":{"line":117,"column":2},"end":{"line":121,"column":3}},"type":"if","locations":[{"start":{"line":117,"column":2},"end":{"line":121,"column":3}},{"start":{},"end":{}}],"line":117},"11":{"loc":{"start":{"line":146,"column":2},"end":{"line":150,"column":3}},"type":"if","locations":[{"start":{"line":146,"column":2},"end":{"line":150,"column":3}},{"start":{},"end":{}}],"line":146},"12":{"loc":{"start":{"line":170,"column":2},"end":{"line":174,"column":3}},"type":"if","locations":[{"start":{"line":170,"column":2},"end":{"line":174,"column":3}},{"start":{},"end":{}}],"line":170},"13":{"loc":{"start":{"line":194,"column":2},"end":{"line":198,"column":3}},"type":"if","locations":[{"start":{"line":194,"column":2},"end":{"line":198,"column":3}},{"start":{},"end":{}}],"line":194},"14":{"loc":{"start":{"line":224,"column":2},"end":{"line":228,"column":3}},"type":"if","locations":[{"start":{"line":224,"column":2},"end":{"line":228,"column":3}},{"start":{},"end":{}}],"line":224}},"s":{"0":6,"1":1,"2":1,"3":1,"4":0,"5":6,"6":1,"7":1,"8":1,"9":1,"10":1,"11":1,"12":0,"13":6,"14":4,"15":4,"16":4,"17":4,"18":4,"19":3,"20":3,"21":1,"22":2,"23":3,"24":0,"25":3,"26":1,"27":3,"28":0,"29":3,"30":3,"31":0,"32":6,"33":2,"34":2,"35":2,"36":2,"37":1,"38":1,"39":0,"40":6,"41":2,"42":2,"43":2,"44":2,"45":1,"46":1,"47":0,"48":6,"49":2,"50":2,"51":2,"52":2,"53":1,"54":1,"55":1,"56":0,"57":6,"58":2,"59":2,"60":2,"61":2,"62":1,"63":1,"64":1,"65":0,"66":6,"67":2,"68":2,"69":2,"70":2,"71":1,"72":1,"73":0},"f":{"0":1,"1":1,"2":4,"3":2,"4":2,"5":2,"6":2,"7":2},"b":{"0":[1],"1":[0,1],"2":[1,0],"3":[4],"4":[3,1],"5":[1,2],"6":[0,3],"7":[1,2],"8":[0,3],"9":[3,0],"10":[1,1],"11":[1,1],"12":[1,1],"13":[1,1],"14":[1,1]},"_coverageSchema":"1a1c01bbd47fc00a2c39e90264f33305004495a9","hash":"df70ae944d84828f86ded32a4e502cccd608d23b"}
,"C:\\Users\\Danny\\Desktop\\PrintFlow\\server\\src\\controllers\\task.js": {"path":"C:\\Users\\Danny\\Desktop\\PrintFlow\\server\\src\\controllers\\task.js","statementMap":{"0":{"start":{"line":3,"column":20},"end":{"line":23,"column":1}},"1":{"start":{"line":4,"column":1},"end":{"line":22,"column":2}},"2":{"start":{"line":5,"column":16},"end":{"line":11,"column":24}},"3":{"start":{"line":13,"column":2},"end":{"line":15,"column":5}},"4":{"start":{"line":17,"column":2},"end":{"line":17,"column":21}},"5":{"start":{"line":18,"column":2},"end":{"line":21,"column":5}},"6":{"start":{"line":25,"column":20},"end":{"line":52,"column":1}},"7":{"start":{"line":26,"column":16},"end":{"line":26,"column":26}},"8":{"start":{"line":28,"column":1},"end":{"line":51,"column":2}},"9":{"start":{"line":29,"column":15},"end":{"line":35,"column":24}},"10":{"start":{"line":37,"column":2},"end":{"line":41,"column":3}},"11":{"start":{"line":38,"column":3},"end":{"line":40,"column":6}},"12":{"start":{"line":43,"column":2},"end":{"line":45,"column":5}},"13":{"start":{"line":47,"column":2},"end":{"line":50,"column":5}},"14":{"start":{"line":54,"column":19},"end":{"line":67,"column":1}},"15":{"start":{"line":55,"column":1},"end":{"line":66,"column":2}},"16":{"start":{"line":56,"column":18},"end":{"line":56,"column":45}},"17":{"start":{"line":57,"column":2},"end":{"line":60,"column":5}},"18":{"start":{"line":62,"column":2},"end":{"line":65,"column":5}},"19":{"start":{"line":69,"column":19},"end":{"line":95,"column":1}},"20":{"start":{"line":70,"column":16},"end":{"line":70,"column":26}},"21":{"start":{"line":71,"column":1},"end":{"line":94,"column":2}},"22":{"start":{"line":72,"column":23},"end":{"line":72,"column":46}},"23":{"start":{"line":73,"column":2},"end":{"line":77,"column":3}},"24":{"start":{"line":74,"column":3},"end":{"line":76,"column":6}},"25":{"start":{"line":79,"column":22},"end":{"line":83,"column":3}},"26":{"start":{"line":84,"column":2},"end":{"line":87,"column":5}},"27":{"start":{"line":89,"column":2},"end":{"line":89,"column":21}},"28":{"start":{"line":90,"column":2},"end":{"line":93,"column":5}},"29":{"start":{"line":97,"column":19},"end":{"line":117,"column":1}},"30":{"start":{"line":98,"column":16},"end":{"line":98,"column":26}},"31":{"start":{"line":100,"column":1},"end":{"line":116,"column":2}},"32":{"start":{"line":101,"column":23},"end":{"line":101,"column":55}},"33":{"start":{"line":102,"column":2},"end":{"line":106,"column":3}},"34":{"start":{"line":103,"column":3},"end":{"line":105,"column":6}},"35":{"start":{"line":108,"column":2},"end":{"line":110,"column":5}},"36":{"start":{"line":112,"column":2},"end":{"line":115,"column":5}}},"fnMap":{"0":{"name":"(anonymous_0)","decl":{"start":{"line":3,"column":20},"end":{"line":3,"column":21}},"loc":{"start":{"line":3,"column":40},"end":{"line":23,"column":1}},"line":3},"1":{"name":"(anonymous_1)","decl":{"start":{"line":25,"column":20},"end":{"line":25,"column":21}},"loc":{"start":{"line":25,"column":40},"end":{"line":52,"column":1}},"line":25},"2":{"name":"(anonymous_2)","decl":{"start":{"line":54,"column":19},"end":{"line":54,"column":20}},"loc":{"start":{"line":54,"column":39},"end":{"line":67,"column":1}},"line":54},"3":{"name":"(anonymous_3)","decl":{"start":{"line":69,"column":19},"end":{"line":69,"column":20}},"loc":{"start":{"line":69,"column":39},"end":{"line":95,"column":1}},"line":69},"4":{"name":"(anonymous_4)","decl":{"start":{"line":97,"column":19},"end":{"line":97,"column":20}},"loc":{"start":{"line":97,"column":39},"end":{"line":117,"column":1}},"line":97}},"branchMap":{"0":{"loc":{"start":{"line":37,"column":2},"end":{"line":41,"column":3}},"type":"if","locations":[{"start":{"line":37,"column":2},"end":{"line":41,"column":3}},{"start":{},"end":{}}],"line":37},"1":{"loc":{"start":{"line":73,"column":2},"end":{"line":77,"column":3}},"type":"if","locations":[{"start":{"line":73,"column":2},"end":{"line":77,"column":3}},{"start":{},"end":{}}],"line":73},"2":{"loc":{"start":{"line":102,"column":2},"end":{"line":106,"column":3}},"type":"if","locations":[{"start":{"line":102,"column":2},"end":{"line":106,"column":3}},{"start":{},"end":{}}],"line":102}},"s":{"0":6,"1":1,"2":1,"3":1,"4":0,"5":0,"6":6,"7":2,"8":2,"9":2,"10":2,"11":1,"12":1,"13":0,"14":6,"15":1,"16":1,"17":1,"18":0,"19":6,"20":2,"21":2,"22":2,"23":2,"24":1,"25":1,"26":1,"27":0,"28":0,"29":6,"30":2,"31":2,"32":2,"33":2,"34":1,"35":1,"36":0},"f":{"0":1,"1":2,"2":1,"3":2,"4":2},"b":{"0":[1,1],"1":[1,1],"2":[1,1]},"_coverageSchema":"1a1c01bbd47fc00a2c39e90264f33305004495a9","hash":"41d4b941e0a677d6580fd96ff5eef942881af774"}
,"C:\\Users\\Danny\\Desktop\\PrintFlow\\server\\src\\controllers\\user.js": {"path":"C:\\Users\\Danny\\Desktop\\PrintFlow\\server\\src\\controllers\\user.js","statementMap":{"0":{"start":{"line":4,"column":20},"end":{"line":22,"column":1}},"1":{"start":{"line":5,"column":1},"end":{"line":21,"column":2}},"2":{"start":{"line":6,"column":16},"end":{"line":11,"column":27}},"3":{"start":{"line":13,"column":2},"end":{"line":15,"column":5}},"4":{"start":{"line":17,"column":2},"end":{"line":20,"column":5}},"5":{"start":{"line":24,"column":20},"end":{"line":50,"column":1}},"6":{"start":{"line":25,"column":16},"end":{"line":25,"column":26}},"7":{"start":{"line":27,"column":1},"end":{"line":49,"column":2}},"8":{"start":{"line":28,"column":15},"end":{"line":33,"column":27}},"9":{"start":{"line":35,"column":2},"end":{"line":39,"column":3}},"10":{"start":{"line":36,"column":3},"end":{"line":38,"column":6}},"11":{"start":{"line":41,"column":2},"end":{"line":43,"column":5}},"12":{"start":{"line":45,"column":2},"end":{"line":48,"column":5}},"13":{"start":{"line":52,"column":19},"end":{"line":74,"column":1}},"14":{"start":{"line":53,"column":22},"end":{"line":53,"column":30}},"15":{"start":{"line":55,"column":1},"end":{"line":73,"column":2}},"16":{"start":{"line":56,"column":24},"end":{"line":56,"column":56}},"17":{"start":{"line":57,"column":2},"end":{"line":61,"column":3}},"18":{"start":{"line":58,"column":3},"end":{"line":60,"column":6}},"19":{"start":{"line":63,"column":18},"end":{"line":63,"column":45}},"20":{"start":{"line":64,"column":2},"end":{"line":67,"column":5}},"21":{"start":{"line":69,"column":2},"end":{"line":72,"column":5}},"22":{"start":{"line":76,"column":19},"end":{"line":115,"column":1}},"23":{"start":{"line":77,"column":16},"end":{"line":77,"column":26}},"24":{"start":{"line":78,"column":22},"end":{"line":78,"column":30}},"25":{"start":{"line":80,"column":1},"end":{"line":114,"column":2}},"26":{"start":{"line":81,"column":23},"end":{"line":81,"column":46}},"27":{"start":{"line":82,"column":2},"end":{"line":86,"column":3}},"28":{"start":{"line":83,"column":3},"end":{"line":85,"column":6}},"29":{"start":{"line":88,"column":24},"end":{"line":88,"column":56}},"30":{"start":{"line":89,"column":2},"end":{"line":98,"column":3}},"31":{"start":{"line":95,"column":3},"end":{"line":97,"column":6}},"32":{"start":{"line":100,"column":22},"end":{"line":104,"column":3}},"33":{"start":{"line":105,"column":2},"end":{"line":108,"column":5}},"34":{"start":{"line":110,"column":2},"end":{"line":113,"column":5}},"35":{"start":{"line":117,"column":19},"end":{"line":137,"column":1}},"36":{"start":{"line":118,"column":16},"end":{"line":118,"column":26}},"37":{"start":{"line":120,"column":1},"end":{"line":136,"column":2}},"38":{"start":{"line":121,"column":23},"end":{"line":121,"column":55}},"39":{"start":{"line":122,"column":2},"end":{"line":126,"column":3}},"40":{"start":{"line":123,"column":3},"end":{"line":125,"column":6}},"41":{"start":{"line":128,"column":2},"end":{"line":130,"column":5}},"42":{"start":{"line":132,"column":2},"end":{"line":135,"column":5}}},"fnMap":{"0":{"name":"(anonymous_0)","decl":{"start":{"line":4,"column":20},"end":{"line":4,"column":21}},"loc":{"start":{"line":4,"column":40},"end":{"line":22,"column":1}},"line":4},"1":{"name":"(anonymous_1)","decl":{"start":{"line":24,"column":20},"end":{"line":24,"column":21}},"loc":{"start":{"line":24,"column":40},"end":{"line":50,"column":1}},"line":24},"2":{"name":"(anonymous_2)","decl":{"start":{"line":52,"column":19},"end":{"line":52,"column":20}},"loc":{"start":{"line":52,"column":39},"end":{"line":74,"column":1}},"line":52},"3":{"name":"(anonymous_3)","decl":{"start":{"line":76,"column":19},"end":{"line":76,"column":20}},"loc":{"start":{"line":76,"column":39},"end":{"line":115,"column":1}},"line":76},"4":{"name":"(anonymous_4)","decl":{"start":{"line":117,"column":19},"end":{"line":117,"column":20}},"loc":{"start":{"line":117,"column":39},"end":{"line":137,"column":1}},"line":117}},"branchMap":{"0":{"loc":{"start":{"line":35,"column":2},"end":{"line":39,"column":3}},"type":"if","locations":[{"start":{"line":35,"column":2},"end":{"line":39,"column":3}},{"start":{},"end":{}}],"line":35},"1":{"loc":{"start":{"line":57,"column":2},"end":{"line":61,"column":3}},"type":"if","locations":[{"start":{"line":57,"column":2},"end":{"line":61,"column":3}},{"start":{},"end":{}}],"line":57},"2":{"loc":{"start":{"line":82,"column":2},"end":{"line":86,"column":3}},"type":"if","locations":[{"start":{"line":82,"column":2},"end":{"line":86,"column":3}},{"start":{},"end":{}}],"line":82},"3":{"loc":{"start":{"line":89,"column":2},"end":{"line":98,"column":3}},"type":"if","locations":[{"start":{"line":89,"column":2},"end":{"line":98,"column":3}},{"start":{},"end":{}}],"line":89},"4":{"loc":{"start":{"line":90,"column":3},"end":{"line":93,"column":4}},"type":"binary-expr","locations":[{"start":{"line":90,"column":3},"end":{"line":90,"column":16}},{"start":{"line":91,"column":3},"end":{"line":93,"column":4}}],"line":90},"5":{"loc":{"start":{"line":122,"column":2},"end":{"line":126,"column":3}},"type":"if","locations":[{"start":{"line":122,"column":2},"end":{"line":126,"column":3}},{"start":{},"end":{}}],"line":122}},"s":{"0":6,"1":1,"2":1,"3":1,"4":0,"5":6,"6":2,"7":2,"8":2,"9":2,"10":1,"11":1,"12":0,"13":6,"14":2,"15":2,"16":2,"17":2,"18":1,"19":1,"20":1,"21":0,"22":6,"23":3,"24":3,"25":3,"26":3,"27":3,"28":1,"29":2,"30":2,"31":1,"32":1,"33":1,"34":0,"35":6,"36":2,"37":2,"38":2,"39":2,"40":1,"41":1,"42":0},"f":{"0":1,"1":2,"2":2,"3":3,"4":2},"b":{"0":[1,1],"1":[1,1],"2":[1,2],"3":[1,1],"4":[2,1],"5":[1,1]},"_coverageSchema":"1a1c01bbd47fc00a2c39e90264f33305004495a9","hash":"55fdf350e3baf07eda895794f4f7e8e41d5ed958"}
,"C:\\Users\\Danny\\Desktop\\PrintFlow\\server\\src\\controllers\\workStation.js": {"path":"C:\\Users\\Danny\\Desktop\\PrintFlow\\server\\src\\controllers\\workStation.js","statementMap":{"0":{"start":{"line":4,"column":27},"end":{"line":19,"column":1}},"1":{"start":{"line":5,"column":1},"end":{"line":18,"column":2}},"2":{"start":{"line":6,"column":19},"end":{"line":8,"column":27}},"3":{"start":{"line":10,"column":2},"end":{"line":12,"column":5}},"4":{"start":{"line":14,"column":2},"end":{"line":17,"column":5}},"5":{"start":{"line":21,"column":27},"end":{"line":45,"column":1}},"6":{"start":{"line":22,"column":16},"end":{"line":22,"column":26}},"7":{"start":{"line":24,"column":1},"end":{"line":44,"column":2}},"8":{"start":{"line":25,"column":18},"end":{"line":27,"column":27}},"9":{"start":{"line":29,"column":2},"end":{"line":34,"column":3}},"10":{"start":{"line":30,"column":3},"end":{"line":33,"column":6}},"11":{"start":{"line":36,"column":2},"end":{"line":38,"column":5}},"12":{"start":{"line":40,"column":2},"end":{"line":43,"column":5}},"13":{"start":{"line":47,"column":26},"end":{"line":73,"column":1}},"14":{"start":{"line":48,"column":18},"end":{"line":48,"column":26}},"15":{"start":{"line":50,"column":1},"end":{"line":72,"column":2}},"16":{"start":{"line":51,"column":24},"end":{"line":53,"column":4}},"17":{"start":{"line":54,"column":2},"end":{"line":58,"column":3}},"18":{"start":{"line":55,"column":3},"end":{"line":57,"column":6}},"19":{"start":{"line":60,"column":25},"end":{"line":62,"column":3}},"20":{"start":{"line":63,"column":2},"end":{"line":66,"column":5}},"21":{"start":{"line":68,"column":2},"end":{"line":71,"column":5}},"22":{"start":{"line":75,"column":26},"end":{"line":135,"column":1}},"23":{"start":{"line":76,"column":16},"end":{"line":76,"column":26}},"24":{"start":{"line":77,"column":18},"end":{"line":77,"column":26}},"25":{"start":{"line":78,"column":19},"end":{"line":78,"column":27}},"26":{"start":{"line":80,"column":1},"end":{"line":134,"column":2}},"27":{"start":{"line":81,"column":21},"end":{"line":81,"column":51}},"28":{"start":{"line":82,"column":2},"end":{"line":87,"column":3}},"29":{"start":{"line":83,"column":3},"end":{"line":86,"column":6}},"30":{"start":{"line":89,"column":2},"end":{"line":104,"column":3}},"31":{"start":{"line":90,"column":21},"end":{"line":93,"column":4}},"32":{"start":{"line":92,"column":5},"end":{"line":92,"column":49}},"33":{"start":{"line":94,"column":3},"end":{"line":103,"column":4}},"34":{"start":{"line":99,"column":4},"end":{"line":102,"column":7}},"35":{"start":{"line":106,"column":24},"end":{"line":108,"column":4}},"36":{"start":{"line":109,"column":2},"end":{"line":118,"column":3}},"37":{"start":{"line":115,"column":3},"end":{"line":117,"column":6}},"38":{"start":{"line":121,"column":3},"end":{"line":123,"column":5}},"39":{"start":{"line":124,"column":2},"end":{"line":128,"column":5}},"40":{"start":{"line":130,"column":2},"end":{"line":133,"column":5}},"41":{"start":{"line":137,"column":26},"end":{"line":159,"column":1}},"42":{"start":{"line":138,"column":16},"end":{"line":138,"column":26}},"43":{"start":{"line":140,"column":1},"end":{"line":158,"column":2}},"44":{"start":{"line":142,"column":3},"end":{"line":142,"column":42}},"45":{"start":{"line":143,"column":2},"end":{"line":148,"column":3}},"46":{"start":{"line":144,"column":3},"end":{"line":147,"column":6}},"47":{"start":{"line":150,"column":2},"end":{"line":152,"column":5}},"48":{"start":{"line":154,"column":2},"end":{"line":157,"column":5}}},"fnMap":{"0":{"name":"(anonymous_0)","decl":{"start":{"line":4,"column":27},"end":{"line":4,"column":28}},"loc":{"start":{"line":4,"column":47},"end":{"line":19,"column":1}},"line":4},"1":{"name":"(anonymous_1)","decl":{"start":{"line":21,"column":27},"end":{"line":21,"column":28}},"loc":{"start":{"line":21,"column":47},"end":{"line":45,"column":1}},"line":21},"2":{"name":"(anonymous_2)","decl":{"start":{"line":47,"column":26},"end":{"line":47,"column":27}},"loc":{"start":{"line":47,"column":46},"end":{"line":73,"column":1}},"line":47},"3":{"name":"(anonymous_3)","decl":{"start":{"line":75,"column":26},"end":{"line":75,"column":27}},"loc":{"start":{"line":75,"column":46},"end":{"line":135,"column":1}},"line":75},"4":{"name":"(anonymous_4)","decl":{"start":{"line":91,"column":4},"end":{"line":91,"column":5}},"loc":{"start":{"line":92,"column":5},"end":{"line":92,"column":49}},"line":92},"5":{"name":"(anonymous_5)","decl":{"start":{"line":137,"column":26},"end":{"line":137,"column":27}},"loc":{"start":{"line":137,"column":46},"end":{"line":159,"column":1}},"line":137}},"branchMap":{"0":{"loc":{"start":{"line":29,"column":2},"end":{"line":34,"column":3}},"type":"if","locations":[{"start":{"line":29,"column":2},"end":{"line":34,"column":3}},{"start":{},"end":{}}],"line":29},"1":{"loc":{"start":{"line":54,"column":2},"end":{"line":58,"column":3}},"type":"if","locations":[{"start":{"line":54,"column":2},"end":{"line":58,"column":3}},{"start":{},"end":{}}],"line":54},"2":{"loc":{"start":{"line":82,"column":2},"end":{"line":87,"column":3}},"type":"if","locations":[{"start":{"line":82,"column":2},"end":{"line":87,"column":3}},{"start":{},"end":{}}],"line":82},"3":{"loc":{"start":{"line":89,"column":2},"end":{"line":104,"column":3}},"type":"if","locations":[{"start":{"line":89,"column":2},"end":{"line":104,"column":3}},{"start":{},"end":{}}],"line":89},"4":{"loc":{"start":{"line":89,"column":6},"end":{"line":89,"column":55}},"type":"binary-expr","locations":[{"start":{"line":89,"column":6},"end":{"line":89,"column":11}},{"start":{"line":89,"column":15},"end":{"line":89,"column":55}}],"line":89},"5":{"loc":{"start":{"line":94,"column":3},"end":{"line":103,"column":4}},"type":"if","locations":[{"start":{"line":94,"column":3},"end":{"line":103,"column":4}},{"start":{},"end":{}}],"line":94},"6":{"loc":{"start":{"line":95,"column":4},"end":{"line":97,"column":35}},"type":"binary-expr","locations":[{"start":{"line":95,"column":4},"end":{"line":95,"column":13}},{"start":{"line":96,"column":5},"end":{"line":96,"column":23}},{"start":{"line":97,"column":5},"end":{"line":97,"column":34}}],"line":95},"7":{"loc":{"start":{"line":109,"column":2},"end":{"line":118,"column":3}},"type":"if","locations":[{"start":{"line":109,"column":2},"end":{"line":118,"column":3}},{"start":{},"end":{}}],"line":109},"8":{"loc":{"start":{"line":110,"column":3},"end":{"line":113,"column":4}},"type":"binary-expr","locations":[{"start":{"line":110,"column":3},"end":{"line":110,"column":16}},{"start":{"line":111,"column":3},"end":{"line":113,"column":4}}],"line":110},"9":{"loc":{"start":{"line":143,"column":2},"end":{"line":148,"column":3}},"type":"if","locations":[{"start":{"line":143,"column":2},"end":{"line":148,"column":3}},{"start":{},"end":{}}],"line":143}},"s":{"0":6,"1":1,"2":1,"3":1,"4":0,"5":6,"6":2,"7":2,"8":2,"9":2,"10":1,"11":1,"12":0,"13":6,"14":2,"15":2,"16":2,"17":2,"18":1,"19":1,"20":1,"21":0,"22":6,"23":3,"24":3,"25":3,"26":3,"27":3,"28":3,"29":1,"30":2,"31":0,"32":0,"33":0,"34":0,"35":2,"36":2,"37":1,"38":1,"39":1,"40":0,"41":6,"42":2,"43":2,"44":2,"45":2,"46":1,"47":1,"48":0},"f":{"0":1,"1":2,"2":2,"3":3,"4":0,"5":2},"b":{"0":[1,1],"1":[1,1],"2":[1,2],"3":[0,2],"4":[2,0],"5":[0,0],"6":[0,0,0],"7":[1,1],"8":[2,1],"9":[1,1]},"_coverageSchema":"1a1c01bbd47fc00a2c39e90264f33305004495a9","hash":"9a2d30ae5c67f5bd9ceedf0fa3e2b56c24ef61e3"}
,"C:\\Users\\Danny\\Desktop\\PrintFlow\\server\\src\\models\\client.js": {"path":"C:\\Users\\Danny\\Desktop\\PrintFlow\\server\\src\\models\\client.js","statementMap":{"0":{"start":{"line":3,"column":19},"end":{"line":3,"column":27}},"1":{"start":{"line":5,"column":21},"end":{"line":33,"column":2}}},"fnMap":{},"branchMap":{},"s":{"0":6,"1":6},"f":{},"b":{},"_coverageSchema":"1a1c01bbd47fc00a2c39e90264f33305004495a9","hash":"34d3119b4acb5e29ac7ad89ad14c8d1a24aaaa3c"}
,"C:\\Users\\Danny\\Desktop\\PrintFlow\\server\\src\\models\\comment.js": {"path":"C:\\Users\\Danny\\Desktop\\PrintFlow\\server\\src\\models\\comment.js","statementMap":{"0":{"start":{"line":3,"column":19},"end":{"line":3,"column":27}},"1":{"start":{"line":5,"column":22},"end":{"line":27,"column":2}}},"fnMap":{},"branchMap":{},"s":{"0":6,"1":6},"f":{},"b":{},"_coverageSchema":"1a1c01bbd47fc00a2c39e90264f33305004495a9","hash":"9e07ebe5694a75a512628670edf6f27cff879c9b"}
,"C:\\Users\\Danny\\Desktop\\PrintFlow\\server\\src\\models\\order.js": {"path":"C:\\Users\\Danny\\Desktop\\PrintFlow\\server\\src\\models\\order.js","statementMap":{"0":{"start":{"line":3,"column":19},"end":{"line":3,"column":27}},"1":{"start":{"line":5,"column":20},"end":{"line":91,"column":2}}},"fnMap":{},"branchMap":{},"s":{"0":6,"1":6},"f":{},"b":{},"_coverageSchema":"1a1c01bbd47fc00a2c39e90264f33305004495a9","hash":"3a4ae60384cb48cdd4455c951ef359af2b2c8117"}
,"C:\\Users\\Danny\\Desktop\\PrintFlow\\server\\src\\models\\task.js": {"path":"C:\\Users\\Danny\\Desktop\\PrintFlow\\server\\src\\models\\task.js","statementMap":{"0":{"start":{"line":3,"column":19},"end":{"line":3,"column":27}},"1":{"start":{"line":5,"column":19},"end":{"line":35,"column":2}}},"fnMap":{},"branchMap":{},"s":{"0":6,"1":6},"f":{},"b":{},"_coverageSchema":"1a1c01bbd47fc00a2c39e90264f33305004495a9","hash":"adcd1cc4646232032fd5d004c40b3cacb33a9651"}
,"C:\\Users\\Danny\\Desktop\\PrintFlow\\server\\src\\models\\user.js": {"path":"C:\\Users\\Danny\\Desktop\\PrintFlow\\server\\src\\models\\user.js","statementMap":{"0":{"start":{"line":3,"column":19},"end":{"line":3,"column":27}},"1":{"start":{"line":5,"column":19},"end":{"line":32,"column":2}}},"fnMap":{},"branchMap":{},"s":{"0":6,"1":6},"f":{},"b":{},"_coverageSchema":"1a1c01bbd47fc00a2c39e90264f33305004495a9","hash":"8b77a67150f2808b9643093c17bb84711aa38aea"}
,"C:\\Users\\Danny\\Desktop\\PrintFlow\\server\\src\\models\\workStation.js": {"path":"C:\\Users\\Danny\\Desktop\\PrintFlow\\server\\src\\models\\workStation.js","statementMap":{"0":{"start":{"line":3,"column":19},"end":{"line":3,"column":27}},"1":{"start":{"line":5,"column":26},"end":{"line":18,"column":2}}},"fnMap":{},"branchMap":{},"s":{"0":6,"1":6},"f":{},"b":{},"_coverageSchema":"1a1c01bbd47fc00a2c39e90264f33305004495a9","hash":"455618fe7243b6685c148bfbe4290a492e56b6d1"}
,"C:\\Users\\Danny\\Desktop\\PrintFlow\\server\\src\\routes\\client.js": {"path":"C:\\Users\\Danny\\Desktop\\PrintFlow\\server\\src\\routes\\client.js","statementMap":{"0":{"start":{"line":4,"column":15},"end":{"line":4,"column":31}},"1":{"start":{"line":6,"column":0},"end":{"line":11,"column":48}}},"fnMap":{},"branchMap":{},"s":{"0":6,"1":6},"f":{},"b":{},"_coverageSchema":"1a1c01bbd47fc00a2c39e90264f33305004495a9","hash":"9022e2ce8d14045ecb45881c5ecc3516aeb280d8"}
,"C:\\Users\\Danny\\Desktop\\PrintFlow\\server\\src\\routes\\comment.js": {"path":"C:\\Users\\Danny\\Desktop\\PrintFlow\\server\\src\\routes\\comment.js","statementMap":{"0":{"start":{"line":4,"column":15},"end":{"line":4,"column":31}},"1":{"start":{"line":6,"column":0},"end":{"line":10,"column":50}}},"fnMap":{},"branchMap":{},"s":{"0":6,"1":6},"f":{},"b":{},"_coverageSchema":"1a1c01bbd47fc00a2c39e90264f33305004495a9","hash":"affc76b2e103e7db2ebef79e3c7199dd26c332db"}
,"C:\\Users\\Danny\\Desktop\\PrintFlow\\server\\src\\routes\\index.js": {"path":"C:\\Users\\Danny\\Desktop\\PrintFlow\\server\\src\\routes\\index.js","statementMap":{"0":{"start":{"line":9,"column":15},"end":{"line":9,"column":23}},"1":{"start":{"line":11,"column":0},"end":{"line":11,"column":30}},"2":{"start":{"line":12,"column":0},"end":{"line":12,"column":28}},"3":{"start":{"line":13,"column":0},"end":{"line":13,"column":32}},"4":{"start":{"line":14,"column":0},"end":{"line":14,"column":26}},"5":{"start":{"line":15,"column":0},"end":{"line":15,"column":26}},"6":{"start":{"line":16,"column":0},"end":{"line":16,"column":40}}},"fnMap":{},"branchMap":{},"s":{"0":6,"1":6,"2":6,"3":6,"4":6,"5":6,"6":6},"f":{},"b":{},"_coverageSchema":"1a1c01bbd47fc00a2c39e90264f33305004495a9","hash":"bb1479afd40350c3c4be2e2c80810e373a3311a4"}
,"C:\\Users\\Danny\\Desktop\\PrintFlow\\server\\src\\routes\\order.js": {"path":"C:\\Users\\Danny\\Desktop\\PrintFlow\\server\\src\\routes\\order.js","statementMap":{"0":{"start":{"line":4,"column":15},"end":{"line":4,"column":31}},"1":{"start":{"line":6,"column":0},"end":{"line":17,"column":46}}},"fnMap":{},"branchMap":{},"s":{"0":6,"1":6},"f":{},"b":{},"_coverageSchema":"1a1c01bbd47fc00a2c39e90264f33305004495a9","hash":"edf1f4b4c843dd52f77bd747e9254228999e7966"}
,"C:\\Users\\Danny\\Desktop\\PrintFlow\\server\\src\\routes\\task.js": {"path":"C:\\Users\\Danny\\Desktop\\PrintFlow\\server\\src\\routes\\task.js","statementMap":{"0":{"start":{"line":4,"column":15},"end":{"line":4,"column":31}},"1":{"start":{"line":6,"column":0},"end":{"line":11,"column":44}}},"fnMap":{},"branchMap":{},"s":{"0":6,"1":6},"f":{},"b":{},"_coverageSchema":"1a1c01bbd47fc00a2c39e90264f33305004495a9","hash":"9b22d3efe70633506a8f9aa0d94b94c457618582"}
,"C:\\Users\\Danny\\Desktop\\PrintFlow\\server\\src\\routes\\user.js": {"path":"C:\\Users\\Danny\\Desktop\\PrintFlow\\server\\src\\routes\\user.js","statementMap":{"0":{"start":{"line":4,"column":15},"end":{"line":4,"column":31}},"1":{"start":{"line":6,"column":0},"end":{"line":11,"column":44}}},"fnMap":{},"branchMap":{},"s":{"0":6,"1":6},"f":{},"b":{},"_coverageSchema":"1a1c01bbd47fc00a2c39e90264f33305004495a9","hash":"024435a69d22caa62f3fcd97c5a1c2e1f7783cbb"}
,"C:\\Users\\Danny\\Desktop\\PrintFlow\\server\\src\\routes\\workStation.js": {"path":"C:\\Users\\Danny\\Desktop\\PrintFlow\\server\\src\\routes\\workStation.js","statementMap":{"0":{"start":{"line":4,"column":15},"end":{"line":4,"column":31}},"1":{"start":{"line":6,"column":0},"end":{"line":11,"column":58}}},"fnMap":{},"branchMap":{},"s":{"0":6,"1":6},"f":{},"b":{},"_coverageSchema":"1a1c01bbd47fc00a2c39e90264f33305004495a9","hash":"f7843743544638114a0892de3c00b1d09fec4116"}
,"C:\\Users\\Danny\\Desktop\\PrintFlow\\server\\tests\\setup\\setupDatabase.js": {"path":"C:\\Users\\Danny\\Desktop\\PrintFlow\\server\\tests\\setup\\setupDatabase.js","statementMap":{"0":{"start":{"line":12,"column":29},"end":{"line":18,"column":1}},"1":{"start":{"line":13,"column":1},"end":{"line":13,"column":48}},"2":{"start":{"line":14,"column":1},"end":{"line":14,"column":50}},"3":{"start":{"line":17,"column":1},"end":{"line":17,"column":22}},"4":{"start":{"line":20,"column":28},"end":{"line":175,"column":1}},"5":{"start":{"line":21,"column":1},"end":{"line":50,"column":4}},"6":{"start":{"line":51,"column":1},"end":{"line":70,"column":4}},"7":{"start":{"line":71,"column":1},"end":{"line":84,"column":4}},"8":{"start":{"line":85,"column":1},"end":{"line":112,"column":4}},"9":{"start":{"line":113,"column":1},"end":{"line":158,"column":4}},"10":{"start":{"line":159,"column":1},"end":{"line":174,"column":4}},"11":{"start":{"line":177,"column":32},"end":{"line":180,"column":1}},"12":{"start":{"line":178,"column":1},"end":{"line":178,"column":29}},"13":{"start":{"line":179,"column":1},"end":{"line":179,"column":26}}},"fnMap":{"0":{"name":"(anonymous_0)","decl":{"start":{"line":12,"column":29},"end":{"line":12,"column":30}},"loc":{"start":{"line":12,"column":41},"end":{"line":18,"column":1}},"line":12},"1":{"name":"(anonymous_1)","decl":{"start":{"line":20,"column":28},"end":{"line":20,"column":29}},"loc":{"start":{"line":20,"column":40},"end":{"line":175,"column":1}},"line":20},"2":{"name":"(anonymous_2)","decl":{"start":{"line":177,"column":32},"end":{"line":177,"column":33}},"loc":{"start":{"line":177,"column":44},"end":{"line":180,"column":1}},"line":177}},"branchMap":{},"s":{"0":6,"1":6,"2":6,"3":6,"4":6,"5":6,"6":6,"7":6,"8":6,"9":6,"10":6,"11":6,"12":6,"13":6},"f":{"0":6,"1":6,"2":6},"b":{},"_coverageSchema":"1a1c01bbd47fc00a2c39e90264f33305004495a9","hash":"6828840322af76c7aef4d6c80c036134d56fe752"}
}
