TN:
SF:src\app.js
FNF:0
FNH:0
DA:5,6
DA:7,6
DA:8,6
DA:9,6
LF:4
LH:4
BRF:0
BRH:0
end_of_record
TN:
SF:src\controllers\client.js
FN:4,(anonymous_0)
FN:20,(anonymous_1)
FN:45,(anonymous_2)
FN:52,(anonymous_3)
FN:55,(anonymous_4)
FN:81,(anonymous_5)
FN:122,(anonymous_6)
FNF:7
FNH:7
FNDA:1,(anonymous_0)
FNDA:2,(anonymous_1)
FNDA:3,(anonymous_2)
FNDA:2,(anonymous_3)
FNDA:2,(anonymous_4)
FNDA:3,(anonymous_5)
FNDA:2,(anonymous_6)
DA:4,6
DA:5,1
DA:6,1
DA:8,1
DA:12,0
DA:13,0
DA:20,6
DA:21,2
DA:23,2
DA:24,2
DA:28,2
DA:29,1
DA:34,1
DA:38,0
DA:45,6
DA:46,3
DA:52,3
DA:55,6
DA:56,2
DA:58,2
DA:59,2
DA:62,2
DA:63,1
DA:68,1
DA:69,1
DA:74,0
DA:81,6
DA:82,3
DA:83,3
DA:85,3
DA:86,3
DA:87,3
DA:88,1
DA:93,2
DA:96,2
DA:100,1
DA:104,1
DA:109,1
DA:114,0
DA:115,0
DA:122,6
DA:123,2
DA:125,2
DA:126,2
DA:129,2
DA:130,1
DA:135,1
DA:139,0
LF:48
LH:41
BRDA:28,0,0,1
BRDA:28,0,1,1
BRDA:62,1,0,1
BRDA:62,1,1,1
BRDA:87,2,0,1
BRDA:87,2,1,2
BRDA:96,3,0,1
BRDA:96,3,1,1
BRDA:97,4,0,2
BRDA:97,4,1,1
BRDA:129,5,0,1
BRDA:129,5,1,1
BRF:12
BRH:12
end_of_record
TN:
SF:src\controllers\comment.js
FN:3,(anonymous_0)
FN:21,(anonymous_1)
FN:48,(anonymous_2)
FN:63,(anonymous_3)
FNF:4
FNH:4
FNDA:1,(anonymous_0)
FNDA:2,(anonymous_1)
FNDA:1,(anonymous_2)
FNDA:2,(anonymous_3)
DA:3,6
DA:4,1
DA:5,1
DA:10,1
DA:14,0
DA:21,6
DA:22,2
DA:24,2
DA:25,2
DA:30,2
DA:31,1
DA:37,1
DA:41,0
DA:48,6
DA:49,1
DA:50,1
DA:51,1
DA:56,0
DA:63,6
DA:64,2
DA:66,2
DA:67,2
DA:70,2
DA:71,1
DA:77,1
DA:81,0
LF:26
LH:22
BRDA:30,0,0,1
BRDA:30,0,1,1
BRDA:70,1,0,1
BRDA:70,1,1,1
BRF:4
BRH:4
end_of_record
TN:
SF:src\controllers\order.js
FN:4,(anonymous_0)
FN:21,(anonymous_1)
FN:52,(anonymous_2)
FN:108,(anonymous_3)
FN:137,(anonymous_4)
FN:163,(anonymous_5)
FN:189,(anonymous_6)
FN:219,(anonymous_7)
FNF:8
FNH:8
FNDA:1,(anonymous_0)
FNDA:1,(anonymous_1)
FNDA:4,(anonymous_2)
FNDA:2,(anonymous_3)
FNDA:2,(anonymous_4)
FNDA:2,(anonymous_5)
FNDA:2,(anonymous_6)
FNDA:2,(anonymous_7)
DA:4,6
DA:5,1
DA:6,1
DA:10,1
DA:14,0
DA:21,6
DA:22,1
DA:23,1
DA:25,1
DA:27,1
DA:32,1
DA:38,1
DA:45,0
DA:52,6
DA:58,4
DA:59,4
DA:61,4
DA:63,4
DA:65,4
DA:67,3
DA:69,3
DA:70,1
DA:72,2
DA:76,3
DA:77,0
DA:79,3
DA:80,1
DA:84,3
DA:85,0
DA:89,3
DA:94,3
DA:101,0
DA:108,6
DA:109,2
DA:111,2
DA:113,2
DA:117,2
DA:118,1
DA:124,1
DA:130,0
DA:137,6
DA:138,2
DA:140,2
DA:141,2
DA:146,2
DA:147,1
DA:152,1
DA:156,0
DA:163,6
DA:164,2
DA:166,2
DA:167,2
DA:170,2
DA:171,1
DA:176,1
DA:177,1
DA:182,0
DA:189,6
DA:190,2
DA:192,2
DA:193,2
DA:194,2
DA:195,1
DA:200,1
DA:207,1
DA:212,0
DA:219,6
DA:220,2
DA:222,2
DA:223,2
DA:224,2
DA:225,1
DA:230,1
DA:234,0
LF:74
LH:64
BRDA:22,0,0,1
BRDA:27,1,0,0
BRDA:27,1,1,1
BRDA:39,2,0,1
BRDA:39,2,1,0
BRDA:57,3,0,4
BRDA:65,4,0,3
BRDA:65,4,1,1
BRDA:69,5,0,1
BRDA:69,5,1,2
BRDA:76,6,0,0
BRDA:76,6,1,3
BRDA:79,7,0,1
BRDA:79,7,1,2
BRDA:84,8,0,0
BRDA:84,8,1,3
BRDA:96,9,0,3
BRDA:96,9,1,0
BRDA:117,10,0,1
BRDA:117,10,1,1
BRDA:146,11,0,1
BRDA:146,11,1,1
BRDA:170,12,0,1
BRDA:170,12,1,1
BRDA:194,13,0,1
BRDA:194,13,1,1
BRDA:224,14,0,1
BRDA:224,14,1,1
BRF:28
BRH:23
end_of_record
TN:
SF:src\controllers\task.js
FN:3,(anonymous_0)
FN:25,(anonymous_1)
FN:54,(anonymous_2)
FN:69,(anonymous_3)
FN:97,(anonymous_4)
FNF:5
FNH:5
FNDA:1,(anonymous_0)
FNDA:2,(anonymous_1)
FNDA:1,(anonymous_2)
FNDA:2,(anonymous_3)
FNDA:2,(anonymous_4)
DA:3,6
DA:4,1
DA:5,1
DA:13,1
DA:17,0
DA:18,0
DA:25,6
DA:26,2
DA:28,2
DA:29,2
DA:37,2
DA:38,1
DA:43,1
DA:47,0
DA:54,6
DA:55,1
DA:56,1
DA:57,1
DA:62,0
DA:69,6
DA:70,2
DA:71,2
DA:72,2
DA:73,2
DA:74,1
DA:79,1
DA:84,1
DA:89,0
DA:90,0
DA:97,6
DA:98,2
DA:100,2
DA:101,2
DA:102,2
DA:103,1
DA:108,1
DA:112,0
LF:37
LH:30
BRDA:37,0,0,1
BRDA:37,0,1,1
BRDA:73,1,0,1
BRDA:73,1,1,1
BRDA:102,2,0,1
BRDA:102,2,1,1
BRF:6
BRH:6
end_of_record
TN:
SF:src\controllers\user.js
FN:4,(anonymous_0)
FN:24,(anonymous_1)
FN:52,(anonymous_2)
FN:76,(anonymous_3)
FN:117,(anonymous_4)
FNF:5
FNH:5
FNDA:1,(anonymous_0)
FNDA:2,(anonymous_1)
FNDA:2,(anonymous_2)
FNDA:3,(anonymous_3)
FNDA:2,(anonymous_4)
DA:4,6
DA:5,1
DA:6,1
DA:13,1
DA:17,0
DA:24,6
DA:25,2
DA:27,2
DA:28,2
DA:35,2
DA:36,1
DA:41,1
DA:45,0
DA:52,6
DA:53,2
DA:55,2
DA:56,2
DA:57,2
DA:58,1
DA:63,1
DA:64,1
DA:69,0
DA:76,6
DA:77,3
DA:78,3
DA:80,3
DA:81,3
DA:82,3
DA:83,1
DA:88,2
DA:89,2
DA:95,1
DA:100,1
DA:105,1
DA:110,0
DA:117,6
DA:118,2
DA:120,2
DA:121,2
DA:122,2
DA:123,1
DA:128,1
DA:132,0
LF:43
LH:38
BRDA:35,0,0,1
BRDA:35,0,1,1
BRDA:57,1,0,1
BRDA:57,1,1,1
BRDA:82,2,0,1
BRDA:82,2,1,2
BRDA:89,3,0,1
BRDA:89,3,1,1
BRDA:90,4,0,2
BRDA:90,4,1,1
BRDA:122,5,0,1
BRDA:122,5,1,1
BRF:12
BRH:12
end_of_record
TN:
SF:src\controllers\workStation.js
FN:4,(anonymous_0)
FN:21,(anonymous_1)
FN:47,(anonymous_2)
FN:75,(anonymous_3)
FN:91,(anonymous_4)
FN:137,(anonymous_5)
FNF:6
FNH:5
FNDA:1,(anonymous_0)
FNDA:2,(anonymous_1)
FNDA:2,(anonymous_2)
FNDA:3,(anonymous_3)
FNDA:0,(anonymous_4)
FNDA:2,(anonymous_5)
DA:4,6
DA:5,1
DA:6,1
DA:10,1
DA:14,0
DA:21,6
DA:22,2
DA:24,2
DA:25,2
DA:29,2
DA:30,1
DA:36,1
DA:40,0
DA:47,6
DA:48,2
DA:50,2
DA:51,2
DA:54,2
DA:55,1
DA:60,1
DA:63,1
DA:68,0
DA:75,6
DA:76,3
DA:77,3
DA:78,3
DA:80,3
DA:81,3
DA:82,3
DA:83,1
DA:89,2
DA:90,0
DA:92,0
DA:94,0
DA:99,0
DA:106,2
DA:109,2
DA:115,1
DA:121,1
DA:124,1
DA:130,0
DA:137,6
DA:138,2
DA:140,2
DA:142,2
DA:143,2
DA:144,1
DA:150,1
DA:154,0
LF:49
LH:40
BRDA:29,0,0,1
BRDA:29,0,1,1
BRDA:54,1,0,1
BRDA:54,1,1,1
BRDA:82,2,0,1
BRDA:82,2,1,2
BRDA:89,3,0,0
BRDA:89,3,1,2
BRDA:89,4,0,2
BRDA:89,4,1,0
BRDA:94,5,0,0
BRDA:94,5,1,0
BRDA:95,6,0,0
BRDA:95,6,1,0
BRDA:95,6,2,0
BRDA:109,7,0,1
BRDA:109,7,1,1
BRDA:110,8,0,2
BRDA:110,8,1,1
BRDA:143,9,0,1
BRDA:143,9,1,1
BRF:21
BRH:14
end_of_record
TN:
SF:src\models\client.js
FNF:0
FNH:0
DA:3,6
DA:5,6
LF:2
LH:2
BRF:0
BRH:0
end_of_record
TN:
SF:src\models\comment.js
FNF:0
FNH:0
DA:3,6
DA:5,6
LF:2
LH:2
BRF:0
BRH:0
end_of_record
TN:
SF:src\models\order.js
FNF:0
FNH:0
DA:3,6
DA:5,6
LF:2
LH:2
BRF:0
BRH:0
end_of_record
TN:
SF:src\models\task.js
FNF:0
FNH:0
DA:3,6
DA:5,6
LF:2
LH:2
BRF:0
BRH:0
end_of_record
TN:
SF:src\models\user.js
FNF:0
FNH:0
DA:3,6
DA:5,6
LF:2
LH:2
BRF:0
BRH:0
end_of_record
TN:
SF:src\models\workStation.js
FNF:0
FNH:0
DA:3,6
DA:5,6
LF:2
LH:2
BRF:0
BRH:0
end_of_record
TN:
SF:src\routes\client.js
FNF:0
FNH:0
DA:4,6
DA:6,6
LF:2
LH:2
BRF:0
BRH:0
end_of_record
TN:
SF:src\routes\comment.js
FNF:0
FNH:0
DA:4,6
DA:6,6
LF:2
LH:2
BRF:0
BRH:0
end_of_record
TN:
SF:src\routes\index.js
FNF:0
FNH:0
DA:9,6
DA:11,6
DA:12,6
DA:13,6
DA:14,6
DA:15,6
DA:16,6
LF:7
LH:7
BRF:0
BRH:0
end_of_record
TN:
SF:src\routes\order.js
FNF:0
FNH:0
DA:4,6
DA:6,6
LF:2
LH:2
BRF:0
BRH:0
end_of_record
TN:
SF:src\routes\task.js
FNF:0
FNH:0
DA:4,6
DA:6,6
LF:2
LH:2
BRF:0
BRH:0
end_of_record
TN:
SF:src\routes\user.js
FNF:0
FNH:0
DA:4,6
DA:6,6
LF:2
LH:2
BRF:0
BRH:0
end_of_record
TN:
SF:src\routes\workStation.js
FNF:0
FNH:0
DA:4,6
DA:6,6
LF:2
LH:2
BRF:0
BRH:0
end_of_record
TN:
SF:tests\setup\setupDatabase.js
FN:12,(anonymous_0)
FN:20,(anonymous_1)
FN:177,(anonymous_2)
FNF:3
FNH:3
FNDA:6,(anonymous_0)
FNDA:6,(anonymous_1)
FNDA:6,(anonymous_2)
DA:12,6
DA:13,6
DA:14,6
DA:17,6
DA:20,6
DA:21,6
DA:51,6
DA:71,6
DA:85,6
DA:113,6
DA:159,6
DA:177,6
DA:178,6
DA:179,6
LF:14
LH:14
BRF:0
BRH:0
end_of_record
