TN:
SF:src\app.js
FNF:0
FNH:0
DA:5,6
DA:7,6
DA:8,6
DA:9,6
LF:4
LH:4
BRF:0
BRH:0
end_of_record
TN:
SF:src\controllers\client.js
FN:4,(anonymous_0)
FN:21,(anonymous_1)
FN:48,(anonymous_2)
FN:55,(anonymous_3)
FN:58,(anonymous_4)
FN:86,(anonymous_5)
FN:133,(anonymous_6)
FNF:7
FNH:7
FNDA:1,(anonymous_0)
FNDA:2,(anonymous_1)
FNDA:3,(anonymous_2)
FNDA:2,(anonymous_3)
FNDA:2,(anonymous_4)
FNDA:3,(anonymous_5)
FNDA:2,(anonymous_6)
DA:4,6
DA:5,1
DA:6,1
DA:8,1
DA:12,0
DA:13,0
DA:21,6
DA:22,2
DA:24,2
DA:25,2
DA:29,2
DA:30,1
DA:36,1
DA:40,0
DA:48,6
DA:49,3
DA:55,3
DA:58,6
DA:59,2
DA:61,2
DA:62,2
DA:65,2
DA:66,1
DA:72,1
DA:73,1
DA:78,0
DA:86,6
DA:87,3
DA:88,3
DA:90,3
DA:91,3
DA:92,3
DA:93,1
DA:99,2
DA:102,2
DA:108,1
DA:114,1
DA:119,1
DA:124,0
DA:125,0
DA:133,6
DA:134,2
DA:136,2
DA:137,2
DA:140,2
DA:141,1
DA:147,1
DA:152,0
LF:48
LH:41
BRDA:29,0,0,1
BRDA:29,0,1,1
BRDA:65,1,0,1
BRDA:65,1,1,1
BRDA:92,2,0,1
BRDA:92,2,1,2
BRDA:102,3,0,1
BRDA:102,3,1,1
BRDA:103,4,0,2
BRDA:103,4,1,1
BRDA:140,5,0,1
BRDA:140,5,1,1
BRF:12
BRH:12
end_of_record
TN:
SF:src\controllers\comment.js
FN:3,(anonymous_0)
FN:22,(anonymous_1)
FN:51,(anonymous_2)
FN:67,(anonymous_3)
FNF:4
FNH:4
FNDA:1,(anonymous_0)
FNDA:2,(anonymous_1)
FNDA:1,(anonymous_2)
FNDA:2,(anonymous_3)
DA:3,6
DA:4,1
DA:5,1
DA:10,1
DA:14,0
DA:22,6
DA:23,2
DA:25,2
DA:26,2
DA:31,2
DA:32,1
DA:39,1
DA:43,0
DA:51,6
DA:52,1
DA:53,1
DA:54,1
DA:59,0
DA:67,6
DA:68,2
DA:70,2
DA:71,2
DA:74,2
DA:75,1
DA:82,1
DA:87,0
LF:26
LH:22
BRDA:31,0,0,1
BRDA:31,0,1,1
BRDA:74,1,0,1
BRDA:74,1,1,1
BRF:4
BRH:4
end_of_record
TN:
SF:src\controllers\order.js
FN:4,(anonymous_0)
FN:22,(anonymous_1)
FN:54,(anonymous_2)
FN:110,(anonymous_3)
FN:141,(anonymous_4)
FN:169,(anonymous_5)
FN:197,(anonymous_6)
FN:229,(anonymous_7)
FNF:8
FNH:8
FNDA:1,(anonymous_0)
FNDA:1,(anonymous_1)
FNDA:4,(anonymous_2)
FNDA:2,(anonymous_3)
FNDA:2,(anonymous_4)
FNDA:2,(anonymous_5)
FNDA:2,(anonymous_6)
FNDA:2,(anonymous_7)
DA:4,6
DA:5,1
DA:6,1
DA:10,1
DA:14,0
DA:22,6
DA:23,1
DA:24,1
DA:26,1
DA:28,1
DA:33,1
DA:39,1
DA:46,0
DA:54,6
DA:60,4
DA:61,4
DA:63,4
DA:65,4
DA:67,4
DA:69,3
DA:71,3
DA:72,1
DA:74,2
DA:78,3
DA:79,0
DA:81,3
DA:82,1
DA:86,3
DA:87,0
DA:91,3
DA:96,3
DA:103,0
DA:110,6
DA:111,2
DA:113,2
DA:115,2
DA:119,2
DA:120,1
DA:127,1
DA:133,0
DA:141,6
DA:142,2
DA:144,2
DA:145,2
DA:150,2
DA:151,1
DA:157,1
DA:161,0
DA:169,6
DA:170,2
DA:172,2
DA:173,2
DA:176,2
DA:177,1
DA:183,1
DA:184,1
DA:189,0
DA:197,6
DA:198,2
DA:200,2
DA:201,2
DA:202,2
DA:203,1
DA:209,1
DA:216,1
DA:221,0
DA:229,6
DA:230,2
DA:232,2
DA:233,2
DA:234,2
DA:235,1
DA:241,1
DA:246,0
LF:74
LH:64
BRDA:23,0,0,1
BRDA:28,1,0,0
BRDA:28,1,1,1
BRDA:40,2,0,1
BRDA:40,2,1,0
BRDA:59,3,0,4
BRDA:67,4,0,3
BRDA:67,4,1,1
BRDA:71,5,0,1
BRDA:71,5,1,2
BRDA:78,6,0,0
BRDA:78,6,1,3
BRDA:81,7,0,1
BRDA:81,7,1,2
BRDA:86,8,0,0
BRDA:86,8,1,3
BRDA:98,9,0,3
BRDA:98,9,1,0
BRDA:119,10,0,1
BRDA:119,10,1,1
BRDA:150,11,0,1
BRDA:150,11,1,1
BRDA:176,12,0,1
BRDA:176,12,1,1
BRDA:202,13,0,1
BRDA:202,13,1,1
BRDA:234,14,0,1
BRDA:234,14,1,1
BRF:28
BRH:23
end_of_record
TN:
SF:src\controllers\task.js
FN:3,(anonymous_0)
FN:26,(anonymous_1)
FN:57,(anonymous_2)
FN:73,(anonymous_3)
FN:103,(anonymous_4)
FNF:5
FNH:5
FNDA:1,(anonymous_0)
FNDA:2,(anonymous_1)
FNDA:1,(anonymous_2)
FNDA:2,(anonymous_3)
FNDA:2,(anonymous_4)
DA:3,6
DA:4,1
DA:5,1
DA:13,1
DA:17,0
DA:18,0
DA:26,6
DA:27,2
DA:29,2
DA:30,2
DA:38,2
DA:39,1
DA:45,1
DA:49,0
DA:57,6
DA:58,1
DA:59,1
DA:60,1
DA:65,0
DA:73,6
DA:74,2
DA:75,2
DA:76,2
DA:77,2
DA:78,1
DA:84,1
DA:89,1
DA:94,0
DA:95,0
DA:103,6
DA:104,2
DA:106,2
DA:107,2
DA:108,2
DA:109,1
DA:115,1
DA:120,0
LF:37
LH:30
BRDA:38,0,0,1
BRDA:38,0,1,1
BRDA:77,1,0,1
BRDA:77,1,1,1
BRDA:108,2,0,1
BRDA:108,2,1,1
BRF:6
BRH:6
end_of_record
TN:
SF:src\controllers\user.js
FN:4,(anonymous_0)
FN:25,(anonymous_1)
FN:55,(anonymous_2)
FN:81,(anonymous_3)
FN:125,(anonymous_4)
FNF:5
FNH:5
FNDA:1,(anonymous_0)
FNDA:2,(anonymous_1)
FNDA:2,(anonymous_2)
FNDA:3,(anonymous_3)
FNDA:2,(anonymous_4)
DA:4,6
DA:5,1
DA:6,1
DA:13,1
DA:17,0
DA:25,6
DA:26,2
DA:28,2
DA:29,2
DA:36,2
DA:37,1
DA:43,1
DA:47,0
DA:55,6
DA:56,2
DA:58,2
DA:59,2
DA:60,2
DA:61,1
DA:67,1
DA:68,1
DA:73,0
DA:81,6
DA:82,3
DA:83,3
DA:85,3
DA:86,3
DA:87,3
DA:88,1
DA:94,2
DA:95,2
DA:101,1
DA:107,1
DA:112,1
DA:117,0
DA:125,6
DA:126,2
DA:128,2
DA:129,2
DA:130,2
DA:131,1
DA:137,1
DA:142,0
LF:43
LH:38
BRDA:36,0,0,1
BRDA:36,0,1,1
BRDA:60,1,0,1
BRDA:60,1,1,1
BRDA:87,2,0,1
BRDA:87,2,1,2
BRDA:95,3,0,1
BRDA:95,3,1,1
BRDA:96,4,0,2
BRDA:96,4,1,1
BRDA:130,5,0,1
BRDA:130,5,1,1
BRF:12
BRH:12
end_of_record
TN:
SF:src\controllers\workStation.js
FN:4,(anonymous_0)
FN:22,(anonymous_1)
FN:50,(anonymous_2)
FN:80,(anonymous_3)
FN:126,(anonymous_4)
FNF:5
FNH:5
FNDA:1,(anonymous_0)
FNDA:2,(anonymous_1)
FNDA:2,(anonymous_2)
FNDA:3,(anonymous_3)
FNDA:2,(anonymous_4)
DA:4,6
DA:5,1
DA:6,1
DA:10,1
DA:14,0
DA:22,6
DA:23,2
DA:25,2
DA:26,2
DA:30,2
DA:31,1
DA:38,1
DA:42,0
DA:50,6
DA:51,2
DA:53,2
DA:54,2
DA:57,2
DA:58,1
DA:64,1
DA:67,1
DA:72,0
DA:80,6
DA:81,3
DA:82,3
DA:84,3
DA:85,3
DA:86,3
DA:87,1
DA:94,2
DA:97,2
DA:103,1
DA:110,1
DA:113,1
DA:118,0
DA:126,6
DA:127,2
DA:129,2
DA:131,2
DA:132,2
DA:133,1
DA:140,1
DA:145,0
LF:43
LH:38
BRDA:30,0,0,1
BRDA:30,0,1,1
BRDA:57,1,0,1
BRDA:57,1,1,1
BRDA:86,2,0,1
BRDA:86,2,1,2
BRDA:97,3,0,1
BRDA:97,3,1,1
BRDA:98,4,0,2
BRDA:98,4,1,1
BRDA:132,5,0,1
BRDA:132,5,1,1
BRF:12
BRH:12
end_of_record
TN:
SF:src\models\client.js
FNF:0
FNH:0
DA:3,6
DA:5,6
LF:2
LH:2
BRF:0
BRH:0
end_of_record
TN:
SF:src\models\comment.js
FNF:0
FNH:0
DA:3,6
DA:5,6
LF:2
LH:2
BRF:0
BRH:0
end_of_record
TN:
SF:src\models\order.js
FNF:0
FNH:0
DA:3,6
DA:5,6
LF:2
LH:2
BRF:0
BRH:0
end_of_record
TN:
SF:src\models\task.js
FNF:0
FNH:0
DA:3,6
DA:5,6
LF:2
LH:2
BRF:0
BRH:0
end_of_record
TN:
SF:src\models\user.js
FNF:0
FNH:0
DA:3,6
DA:5,6
LF:2
LH:2
BRF:0
BRH:0
end_of_record
TN:
SF:src\models\workStation.js
FNF:0
FNH:0
DA:3,6
DA:5,6
LF:2
LH:2
BRF:0
BRH:0
end_of_record
TN:
SF:src\routes\client.js
FNF:0
FNH:0
DA:4,6
DA:6,6
LF:2
LH:2
BRF:0
BRH:0
end_of_record
TN:
SF:src\routes\comment.js
FNF:0
FNH:0
DA:4,6
DA:6,6
LF:2
LH:2
BRF:0
BRH:0
end_of_record
TN:
SF:src\routes\index.js
FNF:0
FNH:0
DA:9,6
DA:11,6
DA:12,6
DA:13,6
DA:14,6
DA:15,6
DA:16,6
LF:7
LH:7
BRF:0
BRH:0
end_of_record
TN:
SF:src\routes\order.js
FNF:0
FNH:0
DA:4,6
DA:6,6
LF:2
LH:2
BRF:0
BRH:0
end_of_record
TN:
SF:src\routes\task.js
FNF:0
FNH:0
DA:4,6
DA:6,6
LF:2
LH:2
BRF:0
BRH:0
end_of_record
TN:
SF:src\routes\user.js
FNF:0
FNH:0
DA:4,6
DA:6,6
LF:2
LH:2
BRF:0
BRH:0
end_of_record
TN:
SF:src\routes\workStation.js
FNF:0
FNH:0
DA:4,6
DA:6,6
LF:2
LH:2
BRF:0
BRH:0
end_of_record
TN:
SF:tests\setup\setupDatabase.js
FN:12,(anonymous_0)
FN:20,(anonymous_1)
FN:177,(anonymous_2)
FNF:3
FNH:3
FNDA:6,(anonymous_0)
FNDA:6,(anonymous_1)
FNDA:6,(anonymous_2)
DA:12,6
DA:13,6
DA:14,6
DA:17,6
DA:20,6
DA:21,6
DA:51,6
DA:71,6
DA:85,6
DA:113,6
DA:159,6
DA:177,6
DA:178,6
DA:179,6
LF:14
LH:14
BRF:0
BRH:0
end_of_record
